<?xml version="1.0" encoding="utf-8"?>
<CoverageSession xmlns:xsd="http://www.w3.org/2001/XMLSchema" xmlns:xsi="http://www.w3.org/2001/XMLSchema-instance">
  <Summary numSequencePoints="769" visitedSequencePoints="65" numBranchPoints="236" visitedBranchPoints="15" sequenceCoverage="8.45" branchCoverage="6.36" maxCyclomaticComplexity="35" minCyclomaticComplexity="1" visitedClasses="11" numClasses="39" visitedMethods="15" numMethods="128" />
  <Modules>
    <Module skippedDueTo="Filter" hash="78-C1-B8-A6-45-5D-8B-94-2B-3E-CD-8E-0C-D5-BB-7E-C4-D4-07-E5">
      <ModulePath>C:\WINDOWS\Microsoft.Net\assembly\GAC_64\mscorlib\v4.0_4.0.0.0__b77a5c561934e089\mscorlib.dll</ModulePath>
      <ModuleTime>2018-07-08T04:01:52.9745934Z</ModuleTime>
      <ModuleName>mscorlib</ModuleName>
      <Classes />
    </Module>
    <Module skippedDueTo="MissingPdb" hash="39-01-E2-5F-71-5D-AA-51-23-80-49-62-A8-D8-8C-FC-B6-EA-77-FC">
      <ModulePath>C:\Final_SBA\SkillTracker\packages\NUnit.ConsoleRunner.3.4.1\tools\nunit3-console.exe</ModulePath>
      <ModuleTime>2016-06-30T06:30:20Z</ModuleTime>
      <ModuleName>nunit3-console</ModuleName>
      <Classes />
    </Module>
    <Module skippedDueTo="Filter" hash="25-EA-B4-E7-9E-31-63-5C-13-0D-58-D4-F5-C4-37-1D-82-C2-E8-77">
      <ModulePath>C:\WINDOWS\Microsoft.Net\assembly\GAC_MSIL\System\v4.0_4.0.0.0__b77a5c561934e089\System.dll</ModulePath>
      <ModuleTime>2018-04-11T23:35:18.1228576Z</ModuleTime>
      <ModuleName>System</ModuleName>
      <Classes />
    </Module>
    <Module skippedDueTo="MissingPdb" hash="74-2B-31-4F-BD-7B-73-76-C0-30-AC-55-12-B1-7E-9C-10-8C-C8-34">
      <ModulePath>C:\Final_SBA\SkillTracker\packages\NUnit.ConsoleRunner.3.4.1\tools\nunit.engine.api.dll</ModulePath>
      <ModuleTime>2016-06-30T06:30:20Z</ModuleTime>
      <ModuleName>nunit.engine.api</ModuleName>
      <Classes />
    </Module>
    <Module skippedDueTo="MissingPdb" hash="E0-10-22-20-83-E1-A8-7F-08-F6-48-67-DF-02-4E-03-1C-34-D1-0C">
      <ModulePath>C:\Final_SBA\SkillTracker\packages\NUnit.ConsoleRunner.3.4.1\tools\nunit.engine.dll</ModulePath>
      <ModuleTime>2016-06-30T06:30:20Z</ModuleTime>
      <ModuleName>nunit.engine</ModuleName>
      <Classes />
    </Module>
    <Module skippedDueTo="Filter" hash="F2-26-5B-FA-55-E9-5B-BC-DD-3A-32-56-2C-38-71-11-1A-8E-6D-32">
      <ModulePath>C:\WINDOWS\Microsoft.Net\assembly\GAC_MSIL\System.Xml\v4.0_4.0.0.0__b77a5c561934e089\System.Xml.dll</ModulePath>
      <ModuleTime>2018-04-11T23:35:17.0290261Z</ModuleTime>
      <ModuleName>System.Xml</ModuleName>
      <Classes />
    </Module>
    <Module skippedDueTo="Filter" hash="35-5C-04-D6-33-85-E0-4A-62-3E-E5-BA-4A-CB-AB-05-79-D9-02-21">
      <ModulePath>C:\WINDOWS\Microsoft.Net\assembly\GAC_64\System.Web\v4.0_4.0.0.0__b03f5f7f11d50a3a\System.Web.dll</ModulePath>
      <ModuleTime>2018-04-11T23:35:15.6695494Z</ModuleTime>
      <ModuleName>System.Web</ModuleName>
      <Classes />
    </Module>
    <Module skippedDueTo="MissingPdb" hash="8A-2E-8F-D6-9D-39-02-4A-2F-30-FC-06-42-F7-0F-A8-32-69-07-72">
      <ModulePath>C:\Final_SBA\SkillTracker\packages\NUnit.ConsoleRunner.3.4.1\tools\Mono.Cecil.dll</ModulePath>
      <ModuleTime>2016-06-30T06:30:20Z</ModuleTime>
      <ModuleName>Mono.Cecil</ModuleName>
      <Classes />
    </Module>
    <Module skippedDueTo="Filter" hash="B5-2C-52-19-7F-DE-8E-1A-EE-7C-F3-4D-31-FC-77-A2-C4-49-EE-AB">
      <ModulePath>C:\WINDOWS\Microsoft.Net\assembly\GAC_MSIL\System.Runtime.Remoting\v4.0_4.0.0.0__b77a5c561934e089\System.Runtime.Remoting.dll</ModulePath>
      <ModuleTime>2018-04-11T23:35:17.0134Z</ModuleTime>
      <ModuleName>System.Runtime.Remoting</ModuleName>
      <Classes />
    </Module>
    <Module skippedDueTo="Filter" hash="2A-F4-1C-14-5D-7A-74-B3-03-8B-1D-2A-59-DC-B6-BE-1D-C8-EF-54">
      <ModulePath>C:\WINDOWS\Microsoft.Net\assembly\GAC_MSIL\System.Configuration\v4.0_4.0.0.0__b03f5f7f11d50a3a\System.Configuration.dll</ModulePath>
      <ModuleTime>2018-04-11T23:35:16.9508953Z</ModuleTime>
      <ModuleName>System.Configuration</ModuleName>
      <Classes />
    </Module>
    <Module skippedDueTo="MissingPdb" hash="C5-64-F5-71-74-53-B1-B1-DC-01-96-83-7A-10-83-5D-E8-5B-E1-ED">
      <ModulePath>C:\Final_SBA\SkillTracker\packages\NUnit.ConsoleRunner.3.4.1\tools\nunit-agent.exe</ModulePath>
      <ModuleTime>2016-06-30T06:30:20Z</ModuleTime>
      <ModuleName>nunit-agent</ModuleName>
      <Classes />
    </Module>
    <Module skippedDueTo="MissingPdb" hash="E7-66-5A-18-D3-04-27-DC-E1-A7-6B-CE-09-1D-64-31-67-96-A3-8F">
      <ModulePath>C:\Final_SBA\SkillTracker\SkillTracker.WebApi.Load.Tests\bin\Debug\nunit.framework.dll</ModulePath>
      <ModuleTime>2016-10-03T15:22:56Z</ModuleTime>
      <ModuleName>nunit.framework</ModuleName>
      <Classes />
    </Module>
    <Module skippedDueTo="Filter" hash="7D-CD-2F-B4-27-C5-3E-01-21-94-CD-BE-80-D4-B6-6D-16-96-8A-74">
      <ModulePath>C:\WINDOWS\Microsoft.Net\assembly\GAC_MSIL\System.Core\v4.0_4.0.0.0__b77a5c561934e089\System.Core.dll</ModulePath>
      <ModuleTime>2018-07-08T04:01:52.81836Z</ModuleTime>
      <ModuleName>System.Core</ModuleName>
      <Classes />
    </Module>
    <Module skippedDueTo="Filter" hash="6F-3F-92-56-A8-F3-C1-11-B3-F7-CF-2E-69-80-C8-00-DC-DA-42-33">
      <ModulePath>C:\Final_SBA\SkillTracker\SkillTracker.WebApi.Load.Tests\bin\Debug\SkillTracker.WebApi.Load.Tests.dll</ModulePath>
      <ModuleTime>2018-07-08T19:59:13.2451213Z</ModuleTime>
      <ModuleName>SkillTracker.WebApi.Load.Tests</ModuleName>
      <Classes />
    </Module>
    <Module skippedDueTo="MissingPdb" hash="02-06-D8-B8-A7-D4-DE-1C-A2-6E-05-E6-F3-A7-84-46-C5-C2-A4-78">
      <ModulePath>C:\Final_SBA\SkillTracker\SkillTracker.WebApi.Load.Tests\bin\Debug\NBench.dll</ModulePath>
      <ModuleTime>2018-07-01T22:54:46Z</ModuleTime>
      <ModuleName>NBench</ModuleName>
      <Classes />
    </Module>
    <Module skippedDueTo="Filter" hash="8B-00-89-EC-CE-0D-AF-6E-EC-84-F2-7E-C9-42-3F-85-8B-53-9F-C1">
      <ModulePath>C:\WINDOWS\Microsoft.Net\assembly\GAC_MSIL\System.Security\v4.0_4.0.0.0__b03f5f7f11d50a3a\System.Security.dll</ModulePath>
      <ModuleTime>2018-07-08T04:01:52.6933564Z</ModuleTime>
      <ModuleName>System.Security</ModuleName>
      <Classes />
    </Module>
    <Module hash="CB-8B-18-39-AB-68-8F-14-E8-67-99-FC-90-88-9B-D4-A7-8A-19-9B">
      <Summary numSequencePoints="6" visitedSequencePoints="4" numBranchPoints="2" visitedBranchPoints="1" sequenceCoverage="66.67" branchCoverage="50" maxCyclomaticComplexity="1" minCyclomaticComplexity="1" visitedClasses="1" numClasses="1" visitedMethods="1" numMethods="2" />
      <ModulePath>C:\Final_SBA\SkillTracker\SkillTracker.WebApi.Load.Tests\bin\Debug\SkillTracker.Data.dll</ModulePath>
      <ModuleTime>2018-07-08T19:58:56.3157539Z</ModuleTime>
      <ModuleName>SkillTracker.Data</ModuleName>
      <Files>
        <File uid="1" fullPath="C:\Final_SBA\SkillTracker\SkillTracker.Data\SkillTrackerModel.Context.cs" />
      </Files>
      <Classes>
        <Class>
          <Summary numSequencePoints="0" visitedSequencePoints="0" numBranchPoints="0" visitedBranchPoints="0" sequenceCoverage="0" branchCoverage="0" maxCyclomaticComplexity="0" minCyclomaticComplexity="0" visitedClasses="0" numClasses="0" visitedMethods="0" numMethods="0" />
          <FullName>&lt;Module&gt;</FullName>
          <Methods />
        </Class>
        <Class>
          <Summary numSequencePoints="6" visitedSequencePoints="4" numBranchPoints="2" visitedBranchPoints="1" sequenceCoverage="66.67" branchCoverage="50" maxCyclomaticComplexity="1" minCyclomaticComplexity="1" visitedClasses="1" numClasses="1" visitedMethods="1" numMethods="2" />
          <FullName>SkillTracker.Entities.SkillTrackerEntities</FullName>
          <Methods>
            <Method skippedDueTo="AutoImplementedProperty" visited="false" cyclomaticComplexity="1" nPathComplexity="0" sequenceCoverage="0" branchCoverage="0" isConstructor="false" isStatic="false" isGetter="true" isSetter="false">
              <MetadataToken>100663299</MetadataToken>
              <Name>System.Data.Entity.DbSet`1&lt;SkillTracker.Entities.Associate&gt; SkillTracker.Entities.SkillTrackerEntities::get_Associates()</Name>
              <FileRef uid="1" />
              <SequencePoints />
              <BranchPoints />
            </Method>
            <Method skippedDueTo="AutoImplementedProperty" visited="false" cyclomaticComplexity="1" nPathComplexity="0" sequenceCoverage="0" branchCoverage="0" isConstructor="false" isStatic="false" isGetter="false" isSetter="true">
              <MetadataToken>100663300</MetadataToken>
              <Name>System.Void SkillTracker.Entities.SkillTrackerEntities::set_Associates(System.Data.Entity.DbSet`1&lt;SkillTracker.Entities.Associate&gt;)</Name>
              <FileRef uid="1" />
              <SequencePoints />
              <BranchPoints />
            </Method>
            <Method skippedDueTo="AutoImplementedProperty" visited="false" cyclomaticComplexity="1" nPathComplexity="0" sequenceCoverage="0" branchCoverage="0" isConstructor="false" isStatic="false" isGetter="true" isSetter="false">
              <MetadataToken>100663301</MetadataToken>
              <Name>System.Data.Entity.DbSet`1&lt;SkillTracker.Entities.Associate_Skills&gt; SkillTracker.Entities.SkillTrackerEntities::get_Associate_Skills()</Name>
              <FileRef uid="1" />
              <SequencePoints />
              <BranchPoints />
            </Method>
            <Method skippedDueTo="AutoImplementedProperty" visited="false" cyclomaticComplexity="1" nPathComplexity="0" sequenceCoverage="0" branchCoverage="0" isConstructor="false" isStatic="false" isGetter="false" isSetter="true">
              <MetadataToken>100663302</MetadataToken>
              <Name>System.Void SkillTracker.Entities.SkillTrackerEntities::set_Associate_Skills(System.Data.Entity.DbSet`1&lt;SkillTracker.Entities.Associate_Skills&gt;)</Name>
              <FileRef uid="1" />
              <SequencePoints />
              <BranchPoints />
            </Method>
            <Method skippedDueTo="AutoImplementedProperty" visited="false" cyclomaticComplexity="1" nPathComplexity="0" sequenceCoverage="0" branchCoverage="0" isConstructor="false" isStatic="false" isGetter="true" isSetter="false">
              <MetadataToken>100663303</MetadataToken>
              <Name>System.Data.Entity.DbSet`1&lt;SkillTracker.Entities.Skill&gt; SkillTracker.Entities.SkillTrackerEntities::get_Skills()</Name>
              <FileRef uid="1" />
              <SequencePoints />
              <BranchPoints />
            </Method>
            <Method skippedDueTo="AutoImplementedProperty" visited="false" cyclomaticComplexity="1" nPathComplexity="0" sequenceCoverage="0" branchCoverage="0" isConstructor="false" isStatic="false" isGetter="false" isSetter="true">
              <MetadataToken>100663304</MetadataToken>
              <Name>System.Void SkillTracker.Entities.SkillTrackerEntities::set_Skills(System.Data.Entity.DbSet`1&lt;SkillTracker.Entities.Skill&gt;)</Name>
              <FileRef uid="1" />
              <SequencePoints />
              <BranchPoints />
            </Method>
            <Method skippedDueTo="AutoImplementedProperty" visited="false" cyclomaticComplexity="1" nPathComplexity="0" sequenceCoverage="0" branchCoverage="0" isConstructor="false" isStatic="false" isGetter="true" isSetter="false">
              <MetadataToken>100663305</MetadataToken>
              <Name>System.Data.Entity.DbSet`1&lt;SkillTracker.Entities.User&gt; SkillTracker.Entities.SkillTrackerEntities::get_Users()</Name>
              <FileRef uid="1" />
              <SequencePoints />
              <BranchPoints />
            </Method>
            <Method skippedDueTo="AutoImplementedProperty" visited="false" cyclomaticComplexity="1" nPathComplexity="0" sequenceCoverage="0" branchCoverage="0" isConstructor="false" isStatic="false" isGetter="false" isSetter="true">
              <MetadataToken>100663306</MetadataToken>
              <Name>System.Void SkillTracker.Entities.SkillTrackerEntities::set_Users(System.Data.Entity.DbSet`1&lt;SkillTracker.Entities.User&gt;)</Name>
              <FileRef uid="1" />
              <SequencePoints />
              <BranchPoints />
            </Method>
            <Method visited="true" cyclomaticComplexity="1" nPathComplexity="0" sequenceCoverage="100" branchCoverage="100" isConstructor="true" isStatic="false" isGetter="false" isSetter="false">
              <Summary numSequencePoints="4" visitedSequencePoints="4" numBranchPoints="1" visitedBranchPoints="1" sequenceCoverage="100" branchCoverage="100" maxCyclomaticComplexity="1" minCyclomaticComplexity="1" visitedClasses="0" numClasses="0" visitedMethods="1" numMethods="1" />
              <MetadataToken>100663297</MetadataToken>
              <Name>System.Void SkillTracker.Entities.SkillTrackerEntities::.ctor()</Name>
              <FileRef uid="1" />
              <SequencePoints>
                <SequencePoint vc="501" uspid="1" ordinal="0" offset="0" sl="19" sc="15" el="19" ec="48" bec="0" bev="0" fileid="1" />
                <SequencePoint vc="501" uspid="2" ordinal="1" offset="12" sl="20" sc="9" el="20" ec="10" bec="0" bev="0" fileid="1" />
                <SequencePoint vc="501" uspid="3" ordinal="2" offset="13" sl="21" sc="13" el="21" ec="59" bec="0" bev="0" fileid="1" />
                <SequencePoint vc="501" uspid="4" ordinal="3" offset="26" sl="22" sc="9" el="22" ec="10" bec="0" bev="0" fileid="1" />
              </SequencePoints>
              <BranchPoints />
              <MethodPoint xsi:type="SequencePoint" vc="501" uspid="1" ordinal="0" offset="0" sl="19" sc="15" el="19" ec="48" bec="0" bev="0" fileid="1" />
            </Method>
            <Method visited="false" cyclomaticComplexity="1" nPathComplexity="0" sequenceCoverage="0" branchCoverage="0" isConstructor="false" isStatic="false" isGetter="false" isSetter="false">
              <Summary numSequencePoints="2" visitedSequencePoints="0" numBranchPoints="1" visitedBranchPoints="0" sequenceCoverage="0" branchCoverage="0" maxCyclomaticComplexity="1" minCyclomaticComplexity="1" visitedClasses="0" numClasses="0" visitedMethods="0" numMethods="1" />
              <MetadataToken>100663298</MetadataToken>
              <Name>System.Void SkillTracker.Entities.SkillTrackerEntities::OnModelCreating(System.Data.Entity.DbModelBuilder)</Name>
              <FileRef uid="1" />
              <SequencePoints>
                <SequencePoint vc="0" uspid="5" ordinal="0" offset="0" sl="25" sc="9" el="25" ec="10" bec="0" bev="0" fileid="1" />
                <SequencePoint vc="0" uspid="6" ordinal="1" offset="1" sl="26" sc="13" el="26" ec="57" bec="0" bev="0" fileid="1" />
              </SequencePoints>
              <BranchPoints />
              <MethodPoint xsi:type="SequencePoint" vc="0" uspid="5" ordinal="0" offset="0" sl="25" sc="9" el="25" ec="10" bec="0" bev="0" fileid="1" />
            </Method>
          </Methods>
        </Class>
      </Classes>
    </Module>
    <Module skippedDueTo="MissingPdb" hash="D8-1E-64-08-5F-8E-29-BA-D4-4D-DB-FC-03-85-26-EF-39-4D-72-A4">
      <ModulePath>C:\Final_SBA\SkillTracker\SkillTracker.WebApi.Load.Tests\bin\Debug\EntityFramework.dll</ModulePath>
      <ModuleTime>2012-08-08T12:30:50Z</ModuleTime>
      <ModuleName>EntityFramework</ModuleName>
      <Classes />
    </Module>
    <Module hash="E2-8F-06-DE-C1-0E-E6-6C-1E-AD-DC-D9-A0-C0-A8-18-B3-82-BF-38">
      <Summary numSequencePoints="163" visitedSequencePoints="19" numBranchPoints="47" visitedBranchPoints="5" sequenceCoverage="11.66" branchCoverage="10.64" maxCyclomaticComplexity="9" minCyclomaticComplexity="1" visitedClasses="3" numClasses="5" visitedMethods="5" numMethods="29" />
      <ModulePath>C:\Final_SBA\SkillTracker\SkillTracker.WebApi.Load.Tests\bin\Debug\SkillTracker.Repositories.dll</ModulePath>
      <ModuleTime>2018-07-08T19:58:56.8797456Z</ModuleTime>
      <ModuleName>SkillTracker.Repositories</ModuleName>
      <Files>
        <File uid="3" fullPath="C:\Final_SBA\SkillTracker\SkillTracker.Repositories\AssociatesRepository\AssociatesRepository.cs" />
        <File uid="4" fullPath="C:\Final_SBA\SkillTracker\SkillTracker.Repositories\Common\GenericRepository.cs" />
        <File uid="5" fullPath="C:\Final_SBA\SkillTracker\SkillTracker.Repositories\Common\UnitOfWork.cs" />
        <File uid="6" fullPath="C:\Final_SBA\SkillTracker\SkillTracker.Repositories\SkillsRepository\SkillsRepository.cs" />
        <File uid="7" fullPath="C:\Final_SBA\SkillTracker\SkillTracker.Repositories\UserRepository\UserRepository.cs" />
      </Files>
      <Classes>
        <Class>
          <Summary numSequencePoints="0" visitedSequencePoints="0" numBranchPoints="0" visitedBranchPoints="0" sequenceCoverage="0" branchCoverage="0" maxCyclomaticComplexity="0" minCyclomaticComplexity="0" visitedClasses="0" numClasses="0" visitedMethods="0" numMethods="0" />
          <FullName>&lt;Module&gt;</FullName>
          <Methods />
        </Class>
        <Class>
          <Summary numSequencePoints="59" visitedSequencePoints="0" numBranchPoints="17" visitedBranchPoints="0" sequenceCoverage="0" branchCoverage="0" maxCyclomaticComplexity="9" minCyclomaticComplexity="1" visitedClasses="0" numClasses="1" visitedMethods="0" numMethods="7" />
          <FullName>SkillTracker.Repositories.AssociatesRepository</FullName>
          <Methods>
            <Method visited="false" cyclomaticComplexity="1" nPathComplexity="0" sequenceCoverage="0" branchCoverage="0" isConstructor="true" isStatic="false" isGetter="false" isSetter="false">
              <Summary numSequencePoints="3" visitedSequencePoints="0" numBranchPoints="1" visitedBranchPoints="0" sequenceCoverage="0" branchCoverage="0" maxCyclomaticComplexity="1" minCyclomaticComplexity="1" visitedClasses="0" numClasses="0" visitedMethods="0" numMethods="1" />
              <MetadataToken>100663297</MetadataToken>
              <Name>System.Void SkillTracker.Repositories.AssociatesRepository::.ctor(System.Data.Entity.DbContext)</Name>
              <FileRef uid="3" />
              <SequencePoints>
                <SequencePoint vc="0" uspid="7" ordinal="0" offset="0" sl="12" sc="14" el="12" ec="27" bec="0" bev="0" fileid="3" />
                <SequencePoint vc="0" uspid="8" ordinal="1" offset="8" sl="12" sc="28" el="12" ec="29" bec="0" bev="0" fileid="3" />
                <SequencePoint vc="0" uspid="9" ordinal="2" offset="9" sl="12" sc="30" el="12" ec="31" bec="0" bev="0" fileid="3" />
              </SequencePoints>
              <BranchPoints />
              <MethodPoint xsi:type="SequencePoint" vc="0" uspid="7" ordinal="0" offset="0" sl="12" sc="14" el="12" ec="27" bec="0" bev="0" fileid="3" />
            </Method>
            <Method visited="false" cyclomaticComplexity="1" nPathComplexity="0" sequenceCoverage="0" branchCoverage="0" isConstructor="false" isStatic="false" isGetter="false" isSetter="false">
              <Summary numSequencePoints="4" visitedSequencePoints="0" numBranchPoints="1" visitedBranchPoints="0" sequenceCoverage="0" branchCoverage="0" maxCyclomaticComplexity="1" minCyclomaticComplexity="1" visitedClasses="0" numClasses="0" visitedMethods="0" numMethods="1" />
              <MetadataToken>100663298</MetadataToken>
              <Name>SkillTracker.Entities.Associate SkillTracker.Repositories.AssociatesRepository::AddAssociate(SkillTracker.Entities.Associate)</Name>
              <FileRef uid="3" />
              <SequencePoints>
                <SequencePoint vc="0" uspid="10" ordinal="0" offset="0" sl="14" sc="9" el="14" ec="10" bec="0" bev="0" fileid="3" />
                <SequencePoint vc="0" uspid="11" ordinal="1" offset="1" sl="15" sc="13" el="15" ec="28" bec="0" bev="0" fileid="3" />
                <SequencePoint vc="0" uspid="12" ordinal="2" offset="9" sl="16" sc="13" el="16" ec="30" bec="0" bev="0" fileid="3" />
                <SequencePoint vc="0" uspid="13" ordinal="3" offset="13" sl="17" sc="9" el="17" ec="10" bec="0" bev="0" fileid="3" />
              </SequencePoints>
              <BranchPoints />
              <MethodPoint xsi:type="SequencePoint" vc="0" uspid="10" ordinal="0" offset="0" sl="14" sc="9" el="14" ec="10" bec="0" bev="0" fileid="3" />
            </Method>
            <Method visited="false" cyclomaticComplexity="1" nPathComplexity="0" sequenceCoverage="0" branchCoverage="0" isConstructor="false" isStatic="false" isGetter="false" isSetter="false">
              <Summary numSequencePoints="4" visitedSequencePoints="0" numBranchPoints="1" visitedBranchPoints="0" sequenceCoverage="0" branchCoverage="0" maxCyclomaticComplexity="1" minCyclomaticComplexity="1" visitedClasses="0" numClasses="0" visitedMethods="0" numMethods="1" />
              <MetadataToken>100663299</MetadataToken>
              <Name>System.Void SkillTracker.Repositories.AssociatesRepository::DeleteAssociate(SkillTracker.Entities.Associate)</Name>
              <FileRef uid="3" />
              <SequencePoints>
                <SequencePoint vc="0" uspid="14" ordinal="0" offset="13" sl="20" sc="9" el="20" ec="10" bec="0" bev="0" fileid="3" />
                <SequencePoint vc="0" uspid="15" ordinal="1" offset="14" sl="21" sc="13" el="21" ec="97" bec="0" bev="0" fileid="3" />
                <SequencePoint vc="0" uspid="16" ordinal="2" offset="139" sl="22" sc="13" el="22" ec="28" bec="0" bev="0" fileid="3" />
                <SequencePoint vc="0" uspid="17" ordinal="3" offset="147" sl="23" sc="9" el="23" ec="10" bec="0" bev="0" fileid="3" />
              </SequencePoints>
              <BranchPoints />
              <MethodPoint vc="0" uspid="18" ordinal="0" offset="0" />
            </Method>
            <Method visited="false" cyclomaticComplexity="1" nPathComplexity="0" sequenceCoverage="0" branchCoverage="0" isConstructor="false" isStatic="false" isGetter="false" isSetter="false">
              <Summary numSequencePoints="3" visitedSequencePoints="0" numBranchPoints="1" visitedBranchPoints="0" sequenceCoverage="0" branchCoverage="0" maxCyclomaticComplexity="1" minCyclomaticComplexity="1" visitedClasses="0" numClasses="0" visitedMethods="0" numMethods="1" />
              <MetadataToken>100663300</MetadataToken>
              <Name>System.Collections.Generic.IEnumerable`1&lt;SkillTracker.Entities.Associate&gt; SkillTracker.Repositories.AssociatesRepository::GetAllAssociates()</Name>
              <FileRef uid="3" />
              <SequencePoints>
                <SequencePoint vc="0" uspid="19" ordinal="0" offset="0" sl="26" sc="9" el="26" ec="10" bec="0" bev="0" fileid="3" />
                <SequencePoint vc="0" uspid="20" ordinal="1" offset="1" sl="27" sc="13" el="31" ec="33" bec="0" bev="0" fileid="3" />
                <SequencePoint vc="0" uspid="21" ordinal="2" offset="234" sl="32" sc="9" el="32" ec="10" bec="0" bev="0" fileid="3" />
              </SequencePoints>
              <BranchPoints />
              <MethodPoint xsi:type="SequencePoint" vc="0" uspid="19" ordinal="0" offset="0" sl="26" sc="9" el="26" ec="10" bec="0" bev="0" fileid="3" />
            </Method>
            <Method visited="false" cyclomaticComplexity="1" nPathComplexity="0" sequenceCoverage="0" branchCoverage="0" isConstructor="false" isStatic="false" isGetter="false" isSetter="false">
              <Summary numSequencePoints="3" visitedSequencePoints="0" numBranchPoints="1" visitedBranchPoints="0" sequenceCoverage="0" branchCoverage="0" maxCyclomaticComplexity="1" minCyclomaticComplexity="1" visitedClasses="0" numClasses="0" visitedMethods="0" numMethods="1" />
              <MetadataToken>100663301</MetadataToken>
              <Name>SkillTracker.Entities.Associate SkillTracker.Repositories.AssociatesRepository::GetAssociate(System.Int32)</Name>
              <FileRef uid="3" />
              <SequencePoints>
                <SequencePoint vc="0" uspid="22" ordinal="0" offset="13" sl="35" sc="9" el="35" ec="10" bec="0" bev="0" fileid="3" />
                <SequencePoint vc="0" uspid="23" ordinal="1" offset="14" sl="36" sc="13" el="40" ec="34" bec="0" bev="0" fileid="3" />
                <SequencePoint vc="0" uspid="24" ordinal="2" offset="340" sl="41" sc="9" el="41" ec="10" bec="0" bev="0" fileid="3" />
              </SequencePoints>
              <BranchPoints />
              <MethodPoint vc="0" uspid="25" ordinal="0" offset="0" />
            </Method>
            <Method visited="false" cyclomaticComplexity="1" nPathComplexity="0" sequenceCoverage="0" branchCoverage="0" isConstructor="false" isStatic="false" isGetter="false" isSetter="false">
              <Summary numSequencePoints="3" visitedSequencePoints="0" numBranchPoints="1" visitedBranchPoints="0" sequenceCoverage="0" branchCoverage="0" maxCyclomaticComplexity="1" minCyclomaticComplexity="1" visitedClasses="0" numClasses="0" visitedMethods="0" numMethods="1" />
              <MetadataToken>100663302</MetadataToken>
              <Name>SkillTracker.Entities.Associate SkillTracker.Repositories.AssociatesRepository::GetAssociate(System.String)</Name>
              <FileRef uid="3" />
              <SequencePoints>
                <SequencePoint vc="0" uspid="26" ordinal="0" offset="13" sl="44" sc="9" el="44" ec="10" bec="0" bev="0" fileid="3" />
                <SequencePoint vc="0" uspid="27" ordinal="1" offset="14" sl="45" sc="13" el="49" ec="34" bec="0" bev="0" fileid="3" />
                <SequencePoint vc="0" uspid="28" ordinal="2" offset="388" sl="50" sc="9" el="50" ec="10" bec="0" bev="0" fileid="3" />
              </SequencePoints>
              <BranchPoints />
              <MethodPoint vc="0" uspid="29" ordinal="0" offset="0" />
            </Method>
            <Method visited="false" cyclomaticComplexity="9" nPathComplexity="32" sequenceCoverage="0" branchCoverage="0" isConstructor="false" isStatic="false" isGetter="false" isSetter="false">
              <Summary numSequencePoints="39" visitedSequencePoints="0" numBranchPoints="11" visitedBranchPoints="0" sequenceCoverage="0" branchCoverage="0" maxCyclomaticComplexity="9" minCyclomaticComplexity="9" visitedClasses="0" numClasses="0" visitedMethods="0" numMethods="1" />
              <MetadataToken>100663303</MetadataToken>
              <Name>System.Void SkillTracker.Repositories.AssociatesRepository::UpdateAssociate(SkillTracker.Entities.Associate)</Name>
              <FileRef uid="3" />
              <SequencePoints>
                <SequencePoint vc="0" uspid="30" ordinal="0" offset="0" sl="53" sc="9" el="53" ec="10" bec="0" bev="0" fileid="3" />
                <SequencePoint vc="0" uspid="31" ordinal="1" offset="1" sl="54" sc="13" el="54" ec="63" bec="0" bev="0" fileid="3" />
                <SequencePoint vc="0" uspid="32" ordinal="2" offset="14" sl="55" sc="13" el="55" ec="65" bec="2" bev="0" fileid="3" />
                <SequencePoint vc="0" uspid="33" ordinal="3" offset="27" sl="56" sc="13" el="56" ec="14" bec="0" bev="0" fileid="3" />
                <SequencePoint vc="0" uspid="34" ordinal="4" offset="28" sl="57" sc="17" el="57" ec="54" bec="0" bev="0" fileid="3" />
                <SequencePoint vc="0" uspid="35" ordinal="5" offset="40" sl="58" sc="17" el="58" ec="71" bec="0" bev="0" fileid="3" />
                <SequencePoint vc="0" uspid="36" ordinal="6" offset="67" sl="59" sc="17" el="59" ec="44" bec="2" bev="0" fileid="3" />
                <SequencePoint vc="0" uspid="37" ordinal="7" offset="77" sl="60" sc="17" el="60" ec="18" bec="0" bev="0" fileid="3" />
                <SequencePoint vc="0" uspid="38" ordinal="8" offset="78" sl="61" sc="21" el="61" ec="73" bec="0" bev="0" fileid="3" />
                <SequencePoint vc="0" uspid="39" ordinal="9" offset="92" sl="62" sc="21" el="62" ec="70" bec="0" bev="0" fileid="3" />
                <SequencePoint vc="0" uspid="40" ordinal="10" offset="106" sl="62" sc="86" el="62" ec="87" bec="0" bev="0" fileid="3" />
                <SequencePoint vc="0" uspid="41" ordinal="11" offset="109" sl="64" sc="17" el="64" ec="18" bec="0" bev="0" fileid="3" />
                <SequencePoint vc="0" uspid="42" ordinal="12" offset="110" sl="65" sc="21" el="65" ec="68" bec="0" bev="0" fileid="3" />
                <SequencePoint vc="0" uspid="43" ordinal="13" offset="119" sl="66" sc="17" el="66" ec="18" bec="0" bev="0" fileid="3" />
                <SequencePoint vc="0" uspid="44" ordinal="14" offset="120" sl="67" sc="13" el="67" ec="14" bec="0" bev="0" fileid="3" />
                <SequencePoint vc="0" uspid="45" ordinal="15" offset="121" sl="68" sc="13" el="68" ec="92" bec="2" bev="0" fileid="3" />
                <SequencePoint vc="0" uspid="46" ordinal="16" offset="155" sl="69" sc="13" el="69" ec="14" bec="0" bev="0" fileid="3" />
                <SequencePoint vc="0" uspid="47" ordinal="17" offset="156" sl="70" sc="17" el="70" ec="24" bec="0" bev="0" fileid="3" />
                <SequencePoint vc="0" uspid="48" ordinal="18" offset="157" sl="70" sc="50" el="70" ec="76" bec="0" bev="0" fileid="3" />
                <SequencePoint vc="0" uspid="49" ordinal="19" offset="175" sl="70" sc="26" el="70" ec="46" bec="0" bev="0" fileid="3" />
                <SequencePoint vc="0" uspid="50" ordinal="20" offset="184" sl="71" sc="17" el="71" ec="18" bec="0" bev="0" fileid="3" />
                <SequencePoint vc="0" uspid="51" ordinal="21" offset="185" sl="72" sc="21" el="72" ec="73" bec="0" bev="0" fileid="3" />
                <SequencePoint vc="0" uspid="52" ordinal="22" offset="200" sl="73" sc="21" el="73" ec="74" bec="2" bev="0" fileid="3" />
                <SequencePoint vc="0" uspid="53" ordinal="23" offset="216" sl="74" sc="21" el="74" ec="22" bec="0" bev="0" fileid="3" />
                <SequencePoint vc="0" uspid="54" ordinal="24" offset="217" sl="75" sc="25" el="75" ec="70" bec="0" bev="0" fileid="3" />
                <SequencePoint vc="0" uspid="55" ordinal="25" offset="230" sl="76" sc="25" el="76" ec="65" bec="0" bev="0" fileid="3" />
                <SequencePoint vc="0" uspid="56" ordinal="26" offset="260" sl="77" sc="25" el="77" ec="53" bec="2" bev="0" fileid="3" />
                <SequencePoint vc="0" uspid="57" ordinal="27" offset="271" sl="78" sc="25" el="78" ec="26" bec="0" bev="0" fileid="3" />
                <SequencePoint vc="0" uspid="58" ordinal="28" offset="272" sl="79" sc="29" el="79" ec="83" bec="0" bev="0" fileid="3" />
                <SequencePoint vc="0" uspid="59" ordinal="29" offset="287" sl="80" sc="29" el="80" ec="73" bec="0" bev="0" fileid="3" />
                <SequencePoint vc="0" uspid="60" ordinal="30" offset="302" sl="81" sc="25" el="81" ec="26" bec="0" bev="0" fileid="3" />
                <SequencePoint vc="0" uspid="61" ordinal="31" offset="305" sl="83" sc="25" el="83" ec="26" bec="0" bev="0" fileid="3" />
                <SequencePoint vc="0" uspid="62" ordinal="32" offset="306" sl="84" sc="29" el="84" ec="76" bec="0" bev="0" fileid="3" />
                <SequencePoint vc="0" uspid="63" ordinal="33" offset="315" sl="85" sc="25" el="85" ec="26" bec="0" bev="0" fileid="3" />
                <SequencePoint vc="0" uspid="64" ordinal="34" offset="316" sl="86" sc="21" el="86" ec="22" bec="0" bev="0" fileid="3" />
                <SequencePoint vc="0" uspid="65" ordinal="35" offset="317" sl="87" sc="17" el="87" ec="18" bec="0" bev="0" fileid="3" />
                <SequencePoint vc="0" uspid="66" ordinal="36" offset="318" sl="70" sc="47" el="70" ec="49" bec="0" bev="0" fileid="3" />
                <SequencePoint vc="0" uspid="67" ordinal="37" offset="345" sl="88" sc="13" el="88" ec="14" bec="0" bev="0" fileid="3" />
                <SequencePoint vc="0" uspid="68" ordinal="38" offset="346" sl="89" sc="9" el="89" ec="10" bec="0" bev="0" fileid="3" />
              </SequencePoints>
              <BranchPoints>
                <BranchPoint vc="0" uspid="69" ordinal="0" offset="25" sl="55" path="0" offsetend="27" fileid="3" />
                <BranchPoint vc="0" uspid="70" ordinal="1" offset="25" sl="55" path="1" offsetend="121" fileid="3" />
                <BranchPoint vc="0" uspid="71" ordinal="2" offset="75" sl="59" path="0" offsetend="77" fileid="3" />
                <BranchPoint vc="0" uspid="72" ordinal="3" offset="75" sl="59" path="1" offsetend="109" fileid="3" />
                <BranchPoint vc="0" uspid="75" ordinal="6" offset="150" sl="68" path="0" offsetend="155" fileid="3" />
                <BranchPoint vc="0" uspid="76" ordinal="7" offset="150" sl="68" path="1" offsetend="346" fileid="3" />
                <BranchPoint vc="0" uspid="77" ordinal="8" offset="214" sl="73" path="0" offsetend="216" fileid="3" />
                <BranchPoint vc="0" uspid="78" ordinal="9" offset="214" sl="73" path="1" offsetend="317" fileid="3" />
                <BranchPoint vc="0" uspid="79" ordinal="10" offset="269" sl="77" path="0" offsetend="271" fileid="3" />
                <BranchPoint vc="0" uspid="80" ordinal="11" offset="269" sl="77" path="1" offsetend="305" fileid="3" />
              </BranchPoints>
              <MethodPoint xsi:type="SequencePoint" vc="0" uspid="30" ordinal="0" offset="0" sl="53" sc="9" el="53" ec="10" bec="0" bev="0" fileid="3" />
            </Method>
          </Methods>
        </Class>
        <Class>
          <Summary numSequencePoints="0" visitedSequencePoints="0" numBranchPoints="0" visitedBranchPoints="0" sequenceCoverage="0" branchCoverage="0" maxCyclomaticComplexity="1" minCyclomaticComplexity="1" visitedClasses="0" numClasses="0" visitedMethods="0" numMethods="0" />
          <FullName>SkillTracker.Repositories.AssociatesRepository/&lt;&gt;c__DisplayClass2_0</FullName>
          <Methods>
            <Method visited="false" cyclomaticComplexity="1" nPathComplexity="0" sequenceCoverage="0" branchCoverage="0" isConstructor="true" isStatic="false" isGetter="false" isSetter="false">
              <Summary numSequencePoints="0" visitedSequencePoints="0" numBranchPoints="0" visitedBranchPoints="0" sequenceCoverage="0" branchCoverage="0" maxCyclomaticComplexity="1" minCyclomaticComplexity="1" visitedClasses="0" numClasses="0" visitedMethods="0" numMethods="0" />
              <MetadataToken>100663348</MetadataToken>
              <Name>System.Void SkillTracker.Repositories.AssociatesRepository/&lt;&gt;c__DisplayClass2_0::.ctor()</Name>
              <SequencePoints />
              <BranchPoints />
              <MethodPoint vc="0" uspid="83" ordinal="0" offset="0" />
            </Method>
          </Methods>
        </Class>
        <Class>
          <Summary numSequencePoints="0" visitedSequencePoints="0" numBranchPoints="0" visitedBranchPoints="0" sequenceCoverage="0" branchCoverage="0" maxCyclomaticComplexity="1" minCyclomaticComplexity="1" visitedClasses="0" numClasses="0" visitedMethods="0" numMethods="0" />
          <FullName>SkillTracker.Repositories.AssociatesRepository/&lt;&gt;c__DisplayClass4_0</FullName>
          <Methods>
            <Method visited="false" cyclomaticComplexity="1" nPathComplexity="0" sequenceCoverage="0" branchCoverage="0" isConstructor="true" isStatic="false" isGetter="false" isSetter="false">
              <Summary numSequencePoints="0" visitedSequencePoints="0" numBranchPoints="0" visitedBranchPoints="0" sequenceCoverage="0" branchCoverage="0" maxCyclomaticComplexity="1" minCyclomaticComplexity="1" visitedClasses="0" numClasses="0" visitedMethods="0" numMethods="0" />
              <MetadataToken>100663349</MetadataToken>
              <Name>System.Void SkillTracker.Repositories.AssociatesRepository/&lt;&gt;c__DisplayClass4_0::.ctor()</Name>
              <SequencePoints />
              <BranchPoints />
              <MethodPoint vc="0" uspid="84" ordinal="0" offset="0" />
            </Method>
          </Methods>
        </Class>
        <Class>
          <Summary numSequencePoints="0" visitedSequencePoints="0" numBranchPoints="0" visitedBranchPoints="0" sequenceCoverage="0" branchCoverage="0" maxCyclomaticComplexity="1" minCyclomaticComplexity="1" visitedClasses="0" numClasses="0" visitedMethods="0" numMethods="0" />
          <FullName>SkillTracker.Repositories.AssociatesRepository/&lt;&gt;c__DisplayClass5_0</FullName>
          <Methods>
            <Method visited="false" cyclomaticComplexity="1" nPathComplexity="0" sequenceCoverage="0" branchCoverage="0" isConstructor="true" isStatic="false" isGetter="false" isSetter="false">
              <Summary numSequencePoints="0" visitedSequencePoints="0" numBranchPoints="0" visitedBranchPoints="0" sequenceCoverage="0" branchCoverage="0" maxCyclomaticComplexity="1" minCyclomaticComplexity="1" visitedClasses="0" numClasses="0" visitedMethods="0" numMethods="0" />
              <MetadataToken>100663350</MetadataToken>
              <Name>System.Void SkillTracker.Repositories.AssociatesRepository/&lt;&gt;c__DisplayClass5_0::.ctor()</Name>
              <SequencePoints />
              <BranchPoints />
              <MethodPoint vc="0" uspid="85" ordinal="0" offset="0" />
            </Method>
          </Methods>
        </Class>
        <Class>
          <Summary numSequencePoints="34" visitedSequencePoints="8" numBranchPoints="8" visitedBranchPoints="2" sequenceCoverage="23.53" branchCoverage="25" maxCyclomaticComplexity="3" minCyclomaticComplexity="1" visitedClasses="1" numClasses="1" visitedMethods="2" numMethods="8" />
          <FullName>SkillTracker.Repositories.GenericRepository`1</FullName>
          <Methods>
            <Method visited="true" cyclomaticComplexity="1" nPathComplexity="0" sequenceCoverage="100" branchCoverage="100" isConstructor="true" isStatic="false" isGetter="false" isSetter="false">
              <Summary numSequencePoints="5" visitedSequencePoints="5" numBranchPoints="1" visitedBranchPoints="1" sequenceCoverage="100" branchCoverage="100" maxCyclomaticComplexity="1" minCyclomaticComplexity="1" visitedClasses="0" numClasses="0" visitedMethods="1" numMethods="1" />
              <MetadataToken>100663310</MetadataToken>
              <Name>System.Void SkillTracker.Repositories.GenericRepository`1::.ctor(System.Data.Entity.DbContext)</Name>
              <FileRef uid="4" />
              <SequencePoints>
                <SequencePoint vc="501" uspid="86" ordinal="0" offset="0" sl="15" sc="9" el="15" ec="52" bec="0" bev="0" fileid="4" />
                <SequencePoint vc="501" uspid="87" ordinal="1" offset="7" sl="16" sc="9" el="16" ec="10" bec="0" bev="0" fileid="4" />
                <SequencePoint vc="501" uspid="88" ordinal="2" offset="8" sl="17" sc="13" el="17" ec="33" bec="0" bev="0" fileid="4" />
                <SequencePoint vc="501" uspid="89" ordinal="3" offset="15" sl="18" sc="13" el="18" ec="46" bec="0" bev="0" fileid="4" />
                <SequencePoint vc="501" uspid="90" ordinal="4" offset="32" sl="19" sc="9" el="19" ec="10" bec="0" bev="0" fileid="4" />
              </SequencePoints>
              <BranchPoints />
              <MethodPoint xsi:type="SequencePoint" vc="501" uspid="86" ordinal="0" offset="0" sl="15" sc="9" el="15" ec="52" bec="0" bev="0" fileid="4" />
            </Method>
            <Method visited="false" cyclomaticComplexity="1" nPathComplexity="0" sequenceCoverage="0" branchCoverage="0" isConstructor="false" isStatic="false" isGetter="false" isSetter="false">
              <Summary numSequencePoints="3" visitedSequencePoints="0" numBranchPoints="1" visitedBranchPoints="0" sequenceCoverage="0" branchCoverage="0" maxCyclomaticComplexity="1" minCyclomaticComplexity="1" visitedClasses="0" numClasses="0" visitedMethods="0" numMethods="1" />
              <MetadataToken>100663311</MetadataToken>
              <Name>System.Void SkillTracker.Repositories.GenericRepository`1::Add(TEntity)</Name>
              <FileRef uid="4" />
              <SequencePoints>
                <SequencePoint vc="0" uspid="91" ordinal="0" offset="0" sl="21" sc="9" el="21" ec="10" bec="0" bev="0" fileid="4" />
                <SequencePoint vc="0" uspid="92" ordinal="1" offset="1" sl="22" sc="13" el="22" ec="31" bec="0" bev="0" fileid="4" />
                <SequencePoint vc="0" uspid="93" ordinal="2" offset="14" sl="23" sc="9" el="23" ec="10" bec="0" bev="0" fileid="4" />
              </SequencePoints>
              <BranchPoints />
              <MethodPoint xsi:type="SequencePoint" vc="0" uspid="91" ordinal="0" offset="0" sl="21" sc="9" el="21" ec="10" bec="0" bev="0" fileid="4" />
            </Method>
            <Method visited="false" cyclomaticComplexity="1" nPathComplexity="0" sequenceCoverage="0" branchCoverage="0" isConstructor="false" isStatic="false" isGetter="false" isSetter="false">
              <Summary numSequencePoints="3" visitedSequencePoints="0" numBranchPoints="1" visitedBranchPoints="0" sequenceCoverage="0" branchCoverage="0" maxCyclomaticComplexity="1" minCyclomaticComplexity="1" visitedClasses="0" numClasses="0" visitedMethods="0" numMethods="1" />
              <MetadataToken>100663312</MetadataToken>
              <Name>System.Void SkillTracker.Repositories.GenericRepository`1::Update(TEntity)</Name>
              <FileRef uid="4" />
              <SequencePoints>
                <SequencePoint vc="0" uspid="94" ordinal="0" offset="0" sl="25" sc="9" el="25" ec="10" bec="0" bev="0" fileid="4" />
                <SequencePoint vc="0" uspid="95" ordinal="1" offset="1" sl="26" sc="13" el="26" ec="66" bec="0" bev="0" fileid="4" />
                <SequencePoint vc="0" uspid="96" ordinal="2" offset="21" sl="27" sc="9" el="27" ec="10" bec="0" bev="0" fileid="4" />
              </SequencePoints>
              <BranchPoints />
              <MethodPoint xsi:type="SequencePoint" vc="0" uspid="94" ordinal="0" offset="0" sl="25" sc="9" el="25" ec="10" bec="0" bev="0" fileid="4" />
            </Method>
            <Method visited="false" cyclomaticComplexity="1" nPathComplexity="0" sequenceCoverage="0" branchCoverage="0" isConstructor="false" isStatic="false" isGetter="false" isSetter="false">
              <Summary numSequencePoints="3" visitedSequencePoints="0" numBranchPoints="1" visitedBranchPoints="0" sequenceCoverage="0" branchCoverage="0" maxCyclomaticComplexity="1" minCyclomaticComplexity="1" visitedClasses="0" numClasses="0" visitedMethods="0" numMethods="1" />
              <MetadataToken>100663313</MetadataToken>
              <Name>System.Void SkillTracker.Repositories.GenericRepository`1::Delete(TEntity)</Name>
              <FileRef uid="4" />
              <SequencePoints>
                <SequencePoint vc="0" uspid="97" ordinal="0" offset="0" sl="29" sc="9" el="29" ec="10" bec="0" bev="0" fileid="4" />
                <SequencePoint vc="0" uspid="98" ordinal="1" offset="1" sl="30" sc="13" el="30" ec="34" bec="0" bev="0" fileid="4" />
                <SequencePoint vc="0" uspid="99" ordinal="2" offset="14" sl="31" sc="9" el="31" ec="10" bec="0" bev="0" fileid="4" />
              </SequencePoints>
              <BranchPoints />
              <MethodPoint xsi:type="SequencePoint" vc="0" uspid="97" ordinal="0" offset="0" sl="29" sc="9" el="29" ec="10" bec="0" bev="0" fileid="4" />
            </Method>
            <Method visited="false" cyclomaticComplexity="3" nPathComplexity="0" sequenceCoverage="0" branchCoverage="0" isConstructor="false" isStatic="false" isGetter="false" isSetter="false">
              <Summary numSequencePoints="10" visitedSequencePoints="0" numBranchPoints="1" visitedBranchPoints="0" sequenceCoverage="0" branchCoverage="0" maxCyclomaticComplexity="3" minCyclomaticComplexity="3" visitedClasses="0" numClasses="0" visitedMethods="0" numMethods="1" />
              <MetadataToken>100663314</MetadataToken>
              <Name>System.Void SkillTracker.Repositories.GenericRepository`1::Delete(System.Linq.Expressions.Expression`1&lt;System.Func`2&lt;TEntity,System.Boolean&gt;&gt;)</Name>
              <FileRef uid="4" />
              <SequencePoints>
                <SequencePoint vc="0" uspid="100" ordinal="0" offset="0" sl="33" sc="9" el="33" ec="10" bec="0" bev="0" fileid="4" />
                <SequencePoint vc="0" uspid="101" ordinal="1" offset="1" sl="34" sc="13" el="34" ec="91" bec="0" bev="0" fileid="4" />
                <SequencePoint vc="0" uspid="102" ordinal="2" offset="19" sl="35" sc="13" el="35" ec="20" bec="0" bev="0" fileid="4" />
                <SequencePoint vc="0" uspid="103" ordinal="3" offset="20" sl="35" sc="37" el="35" ec="44" bec="0" bev="0" fileid="4" />
                <SequencePoint vc="0" uspid="104" ordinal="4" offset="29" sl="35" sc="22" el="35" ec="33" bec="0" bev="0" fileid="4" />
                <SequencePoint vc="0" uspid="105" ordinal="5" offset="36" sl="36" sc="13" el="36" ec="14" bec="0" bev="0" fileid="4" />
                <SequencePoint vc="0" uspid="106" ordinal="6" offset="37" sl="37" sc="17" el="37" ec="35" bec="0" bev="0" fileid="4" />
                <SequencePoint vc="0" uspid="107" ordinal="7" offset="50" sl="38" sc="13" el="38" ec="14" bec="0" bev="0" fileid="4" />
                <SequencePoint vc="0" uspid="108" ordinal="8" offset="51" sl="35" sc="34" el="35" ec="36" bec="0" bev="0" fileid="4" />
                <SequencePoint vc="0" uspid="109" ordinal="9" offset="72" sl="39" sc="9" el="39" ec="10" bec="0" bev="0" fileid="4" />
              </SequencePoints>
              <BranchPoints />
              <MethodPoint xsi:type="SequencePoint" vc="0" uspid="100" ordinal="0" offset="0" sl="33" sc="9" el="33" ec="10" bec="0" bev="0" fileid="4" />
            </Method>
            <Method visited="false" cyclomaticComplexity="1" nPathComplexity="0" sequenceCoverage="0" branchCoverage="0" isConstructor="false" isStatic="false" isGetter="false" isSetter="false">
              <Summary numSequencePoints="4" visitedSequencePoints="0" numBranchPoints="1" visitedBranchPoints="0" sequenceCoverage="0" branchCoverage="0" maxCyclomaticComplexity="1" minCyclomaticComplexity="1" visitedClasses="0" numClasses="0" visitedMethods="0" numMethods="1" />
              <MetadataToken>100663315</MetadataToken>
              <Name>System.Collections.Generic.IEnumerable`1&lt;TEntity&gt; SkillTracker.Repositories.GenericRepository`1::FindBy(System.Linq.Expressions.Expression`1&lt;System.Func`2&lt;TEntity,System.Boolean&gt;&gt;)</Name>
              <FileRef uid="4" />
              <SequencePoints>
                <SequencePoint vc="0" uspid="112" ordinal="0" offset="0" sl="41" sc="9" el="41" ec="10" bec="0" bev="0" fileid="4" />
                <SequencePoint vc="0" uspid="113" ordinal="1" offset="1" sl="42" sc="13" el="42" ec="80" bec="0" bev="0" fileid="4" />
                <SequencePoint vc="0" uspid="114" ordinal="2" offset="19" sl="43" sc="13" el="43" ec="26" bec="0" bev="0" fileid="4" />
                <SequencePoint vc="0" uspid="115" ordinal="3" offset="23" sl="44" sc="9" el="44" ec="10" bec="0" bev="0" fileid="4" />
              </SequencePoints>
              <BranchPoints />
              <MethodPoint xsi:type="SequencePoint" vc="0" uspid="112" ordinal="0" offset="0" sl="41" sc="9" el="41" ec="10" bec="0" bev="0" fileid="4" />
            </Method>
            <Method visited="true" cyclomaticComplexity="1" nPathComplexity="0" sequenceCoverage="100" branchCoverage="100" isConstructor="false" isStatic="false" isGetter="false" isSetter="false">
              <Summary numSequencePoints="3" visitedSequencePoints="3" numBranchPoints="1" visitedBranchPoints="1" sequenceCoverage="100" branchCoverage="100" maxCyclomaticComplexity="1" minCyclomaticComplexity="1" visitedClasses="0" numClasses="0" visitedMethods="1" numMethods="1" />
              <MetadataToken>100663316</MetadataToken>
              <Name>System.Collections.Generic.IEnumerable`1&lt;TEntity&gt; SkillTracker.Repositories.GenericRepository`1::GetAll()</Name>
              <FileRef uid="4" />
              <SequencePoints>
                <SequencePoint vc="501" uspid="116" ordinal="0" offset="0" sl="46" sc="9" el="46" ec="10" bec="0" bev="0" fileid="4" />
                <SequencePoint vc="501" uspid="117" ordinal="1" offset="1" sl="47" sc="13" el="47" ec="50" bec="0" bev="0" fileid="4" />
                <SequencePoint vc="501" uspid="118" ordinal="2" offset="15" sl="48" sc="9" el="48" ec="10" bec="0" bev="0" fileid="4" />
              </SequencePoints>
              <BranchPoints />
              <MethodPoint xsi:type="SequencePoint" vc="501" uspid="116" ordinal="0" offset="0" sl="46" sc="9" el="46" ec="10" bec="0" bev="0" fileid="4" />
            </Method>
            <Method visited="false" cyclomaticComplexity="1" nPathComplexity="0" sequenceCoverage="0" branchCoverage="0" isConstructor="false" isStatic="false" isGetter="false" isSetter="false">
              <Summary numSequencePoints="3" visitedSequencePoints="0" numBranchPoints="1" visitedBranchPoints="0" sequenceCoverage="0" branchCoverage="0" maxCyclomaticComplexity="1" minCyclomaticComplexity="1" visitedClasses="0" numClasses="0" visitedMethods="0" numMethods="1" />
              <MetadataToken>100663317</MetadataToken>
              <Name>System.Void SkillTracker.Repositories.GenericRepository`1::Save()</Name>
              <FileRef uid="4" />
              <SequencePoints>
                <SequencePoint vc="0" uspid="119" ordinal="0" offset="0" sl="50" sc="9" el="50" ec="10" bec="0" bev="0" fileid="4" />
                <SequencePoint vc="0" uspid="120" ordinal="1" offset="1" sl="51" sc="13" el="51" ec="37" bec="0" bev="0" fileid="4" />
                <SequencePoint vc="0" uspid="121" ordinal="2" offset="13" sl="52" sc="9" el="52" ec="10" bec="0" bev="0" fileid="4" />
              </SequencePoints>
              <BranchPoints />
              <MethodPoint xsi:type="SequencePoint" vc="0" uspid="119" ordinal="0" offset="0" sl="50" sc="9" el="50" ec="10" bec="0" bev="0" fileid="4" />
            </Method>
          </Methods>
        </Class>
        <Class>
          <Summary numSequencePoints="21" visitedSequencePoints="4" numBranchPoints="8" visitedBranchPoints="1" sequenceCoverage="19.05" branchCoverage="12.5" maxCyclomaticComplexity="3" minCyclomaticComplexity="1" visitedClasses="1" numClasses="1" visitedMethods="1" numMethods="4" />
          <FullName>SkillTracker.Repositories.UnitOfWork</FullName>
          <Methods>
            <Method visited="true" cyclomaticComplexity="1" nPathComplexity="0" sequenceCoverage="100" branchCoverage="100" isConstructor="true" isStatic="false" isGetter="false" isSetter="false">
              <Summary numSequencePoints="4" visitedSequencePoints="4" numBranchPoints="1" visitedBranchPoints="1" sequenceCoverage="100" branchCoverage="100" maxCyclomaticComplexity="1" minCyclomaticComplexity="1" visitedClasses="0" numClasses="0" visitedMethods="1" numMethods="1" />
              <MetadataToken>100663326</MetadataToken>
              <Name>System.Void SkillTracker.Repositories.UnitOfWork::.ctor(System.Data.Entity.DbContext)</Name>
              <FileRef uid="5" />
              <SequencePoints>
                <SequencePoint vc="501" uspid="122" ordinal="0" offset="0" sl="20" sc="9" el="20" ec="45" bec="0" bev="0" fileid="5" />
                <SequencePoint vc="501" uspid="123" ordinal="1" offset="7" sl="21" sc="9" el="21" ec="10" bec="0" bev="0" fileid="5" />
                <SequencePoint vc="501" uspid="124" ordinal="2" offset="8" sl="22" sc="13" el="22" ec="34" bec="0" bev="0" fileid="5" />
                <SequencePoint vc="501" uspid="125" ordinal="3" offset="15" sl="23" sc="9" el="23" ec="10" bec="0" bev="0" fileid="5" />
              </SequencePoints>
              <BranchPoints />
              <MethodPoint xsi:type="SequencePoint" vc="501" uspid="122" ordinal="0" offset="0" sl="20" sc="9" el="20" ec="45" bec="0" bev="0" fileid="5" />
            </Method>
            <Method visited="false" cyclomaticComplexity="1" nPathComplexity="0" sequenceCoverage="0" branchCoverage="0" isConstructor="false" isStatic="false" isGetter="false" isSetter="false">
              <Summary numSequencePoints="3" visitedSequencePoints="0" numBranchPoints="1" visitedBranchPoints="0" sequenceCoverage="0" branchCoverage="0" maxCyclomaticComplexity="1" minCyclomaticComplexity="1" visitedClasses="0" numClasses="0" visitedMethods="0" numMethods="1" />
              <MetadataToken>100663327</MetadataToken>
              <Name>System.Int32 SkillTracker.Repositories.UnitOfWork::Commit()</Name>
              <FileRef uid="5" />
              <SequencePoints>
                <SequencePoint vc="0" uspid="126" ordinal="0" offset="0" sl="30" sc="9" el="30" ec="10" bec="0" bev="0" fileid="5" />
                <SequencePoint vc="0" uspid="127" ordinal="1" offset="1" sl="32" sc="13" el="32" ec="45" bec="0" bev="0" fileid="5" />
                <SequencePoint vc="0" uspid="128" ordinal="2" offset="15" sl="33" sc="9" el="33" ec="10" bec="0" bev="0" fileid="5" />
              </SequencePoints>
              <BranchPoints />
              <MethodPoint xsi:type="SequencePoint" vc="0" uspid="126" ordinal="0" offset="0" sl="30" sc="9" el="30" ec="10" bec="0" bev="0" fileid="5" />
            </Method>
            <Method visited="false" cyclomaticComplexity="1" nPathComplexity="0" sequenceCoverage="0" branchCoverage="0" isConstructor="false" isStatic="false" isGetter="false" isSetter="false">
              <Summary numSequencePoints="4" visitedSequencePoints="0" numBranchPoints="1" visitedBranchPoints="0" sequenceCoverage="0" branchCoverage="0" maxCyclomaticComplexity="1" minCyclomaticComplexity="1" visitedClasses="0" numClasses="0" visitedMethods="0" numMethods="1" />
              <MetadataToken>100663328</MetadataToken>
              <Name>System.Void SkillTracker.Repositories.UnitOfWork::Dispose()</Name>
              <FileRef uid="5" />
              <SequencePoints>
                <SequencePoint vc="0" uspid="129" ordinal="0" offset="0" sl="39" sc="9" el="39" ec="10" bec="0" bev="0" fileid="5" />
                <SequencePoint vc="0" uspid="130" ordinal="1" offset="1" sl="40" sc="13" el="40" ec="27" bec="0" bev="0" fileid="5" />
                <SequencePoint vc="0" uspid="131" ordinal="2" offset="9" sl="41" sc="13" el="41" ec="39" bec="0" bev="0" fileid="5" />
                <SequencePoint vc="0" uspid="132" ordinal="3" offset="16" sl="42" sc="9" el="42" ec="10" bec="0" bev="0" fileid="5" />
              </SequencePoints>
              <BranchPoints />
              <MethodPoint xsi:type="SequencePoint" vc="0" uspid="129" ordinal="0" offset="0" sl="39" sc="9" el="39" ec="10" bec="0" bev="0" fileid="5" />
            </Method>
            <Method visited="false" cyclomaticComplexity="3" nPathComplexity="4" sequenceCoverage="0" branchCoverage="0" isConstructor="false" isStatic="false" isGetter="false" isSetter="false">
              <Summary numSequencePoints="10" visitedSequencePoints="0" numBranchPoints="5" visitedBranchPoints="0" sequenceCoverage="0" branchCoverage="0" maxCyclomaticComplexity="3" minCyclomaticComplexity="3" visitedClasses="0" numClasses="0" visitedMethods="0" numMethods="1" />
              <MetadataToken>100663329</MetadataToken>
              <Name>System.Void SkillTracker.Repositories.UnitOfWork::Dispose(System.Boolean)</Name>
              <FileRef uid="5" />
              <SequencePoints>
                <SequencePoint vc="0" uspid="133" ordinal="0" offset="0" sl="49" sc="9" el="49" ec="10" bec="0" bev="0" fileid="5" />
                <SequencePoint vc="0" uspid="134" ordinal="1" offset="1" sl="50" sc="13" el="50" ec="27" bec="2" bev="0" fileid="5" />
                <SequencePoint vc="0" uspid="135" ordinal="2" offset="6" sl="51" sc="13" el="51" ec="14" bec="0" bev="0" fileid="5" />
                <SequencePoint vc="0" uspid="136" ordinal="3" offset="7" sl="52" sc="17" el="52" ec="40" bec="2" bev="0" fileid="5" />
                <SequencePoint vc="0" uspid="137" ordinal="4" offset="20" sl="53" sc="17" el="53" ec="18" bec="0" bev="0" fileid="5" />
                <SequencePoint vc="0" uspid="138" ordinal="5" offset="21" sl="54" sc="21" el="54" ec="42" bec="0" bev="0" fileid="5" />
                <SequencePoint vc="0" uspid="139" ordinal="6" offset="33" sl="55" sc="21" el="55" ec="39" bec="0" bev="0" fileid="5" />
                <SequencePoint vc="0" uspid="140" ordinal="7" offset="40" sl="56" sc="17" el="56" ec="18" bec="0" bev="0" fileid="5" />
                <SequencePoint vc="0" uspid="141" ordinal="8" offset="41" sl="57" sc="13" el="57" ec="14" bec="0" bev="0" fileid="5" />
                <SequencePoint vc="0" uspid="142" ordinal="9" offset="42" sl="58" sc="9" el="58" ec="10" bec="0" bev="0" fileid="5" />
              </SequencePoints>
              <BranchPoints>
                <BranchPoint vc="0" uspid="143" ordinal="0" offset="4" sl="50" path="0" offsetend="6" fileid="5" />
                <BranchPoint vc="0" uspid="144" ordinal="1" offset="4" sl="50" path="1" offsetend="42" fileid="5" />
                <BranchPoint vc="0" uspid="145" ordinal="2" offset="18" sl="52" path="0" offsetend="20" fileid="5" />
                <BranchPoint vc="0" uspid="146" ordinal="3" offset="18" sl="52" path="1" offsetend="41" fileid="5" />
              </BranchPoints>
              <MethodPoint xsi:type="SequencePoint" vc="0" uspid="133" ordinal="0" offset="0" sl="49" sc="9" el="49" ec="10" bec="0" bev="0" fileid="5" />
            </Method>
          </Methods>
        </Class>
        <Class>
          <Summary numSequencePoints="37" visitedSequencePoints="7" numBranchPoints="10" visitedBranchPoints="2" sequenceCoverage="18.92" branchCoverage="20" maxCyclomaticComplexity="3" minCyclomaticComplexity="1" visitedClasses="1" numClasses="1" visitedMethods="2" numMethods="6" />
          <FullName>SkillTracker.Repositories.SkillsRepository</FullName>
          <Methods>
            <Method visited="true" cyclomaticComplexity="1" nPathComplexity="0" sequenceCoverage="100" branchCoverage="100" isConstructor="true" isStatic="false" isGetter="false" isSetter="false">
              <Summary numSequencePoints="3" visitedSequencePoints="3" numBranchPoints="1" visitedBranchPoints="1" sequenceCoverage="100" branchCoverage="100" maxCyclomaticComplexity="1" minCyclomaticComplexity="1" visitedClasses="0" numClasses="0" visitedMethods="1" numMethods="1" />
              <MetadataToken>100663335</MetadataToken>
              <Name>System.Void SkillTracker.Repositories.SkillsRepository::.ctor(System.Data.Entity.DbContext)</Name>
              <FileRef uid="6" />
              <SequencePoints>
                <SequencePoint vc="501" uspid="147" ordinal="0" offset="0" sl="11" sc="14" el="11" ec="27" bec="0" bev="0" fileid="6" />
                <SequencePoint vc="501" uspid="148" ordinal="1" offset="8" sl="11" sc="28" el="11" ec="29" bec="0" bev="0" fileid="6" />
                <SequencePoint vc="501" uspid="149" ordinal="2" offset="9" sl="11" sc="30" el="11" ec="31" bec="0" bev="0" fileid="6" />
              </SequencePoints>
              <BranchPoints />
              <MethodPoint xsi:type="SequencePoint" vc="501" uspid="147" ordinal="0" offset="0" sl="11" sc="14" el="11" ec="27" bec="0" bev="0" fileid="6" />
            </Method>
            <Method visited="false" cyclomaticComplexity="1" nPathComplexity="0" sequenceCoverage="0" branchCoverage="0" isConstructor="false" isStatic="false" isGetter="false" isSetter="false">
              <Summary numSequencePoints="4" visitedSequencePoints="0" numBranchPoints="1" visitedBranchPoints="0" sequenceCoverage="0" branchCoverage="0" maxCyclomaticComplexity="1" minCyclomaticComplexity="1" visitedClasses="0" numClasses="0" visitedMethods="0" numMethods="1" />
              <MetadataToken>100663336</MetadataToken>
              <Name>SkillTracker.Entities.Skill SkillTracker.Repositories.SkillsRepository::AddSkill(SkillTracker.Entities.Skill)</Name>
              <FileRef uid="6" />
              <SequencePoints>
                <SequencePoint vc="0" uspid="150" ordinal="0" offset="0" sl="14" sc="9" el="14" ec="10" bec="0" bev="0" fileid="6" />
                <SequencePoint vc="0" uspid="151" ordinal="1" offset="1" sl="15" sc="13" el="15" ec="24" bec="0" bev="0" fileid="6" />
                <SequencePoint vc="0" uspid="152" ordinal="2" offset="9" sl="16" sc="13" el="16" ec="26" bec="0" bev="0" fileid="6" />
                <SequencePoint vc="0" uspid="153" ordinal="3" offset="13" sl="17" sc="9" el="17" ec="10" bec="0" bev="0" fileid="6" />
              </SequencePoints>
              <BranchPoints />
              <MethodPoint xsi:type="SequencePoint" vc="0" uspid="150" ordinal="0" offset="0" sl="14" sc="9" el="14" ec="10" bec="0" bev="0" fileid="6" />
            </Method>
            <Method visited="false" cyclomaticComplexity="1" nPathComplexity="0" sequenceCoverage="0" branchCoverage="0" isConstructor="false" isStatic="false" isGetter="false" isSetter="false">
              <Summary numSequencePoints="4" visitedSequencePoints="0" numBranchPoints="1" visitedBranchPoints="0" sequenceCoverage="0" branchCoverage="0" maxCyclomaticComplexity="1" minCyclomaticComplexity="1" visitedClasses="0" numClasses="0" visitedMethods="0" numMethods="1" />
              <MetadataToken>100663337</MetadataToken>
              <Name>System.Void SkillTracker.Repositories.SkillsRepository::DeleteSkill(SkillTracker.Entities.Skill)</Name>
              <FileRef uid="6" />
              <SequencePoints>
                <SequencePoint vc="0" uspid="154" ordinal="0" offset="13" sl="20" sc="9" el="20" ec="10" bec="0" bev="0" fileid="6" />
                <SequencePoint vc="0" uspid="155" ordinal="1" offset="14" sl="21" sc="13" el="21" ec="85" bec="0" bev="0" fileid="6" />
                <SequencePoint vc="0" uspid="156" ordinal="2" offset="139" sl="22" sc="13" el="22" ec="28" bec="0" bev="0" fileid="6" />
                <SequencePoint vc="0" uspid="157" ordinal="3" offset="147" sl="23" sc="9" el="23" ec="10" bec="0" bev="0" fileid="6" />
              </SequencePoints>
              <BranchPoints />
              <MethodPoint vc="0" uspid="158" ordinal="0" offset="0" />
            </Method>
            <Method visited="true" cyclomaticComplexity="1" nPathComplexity="0" sequenceCoverage="100" branchCoverage="100" isConstructor="false" isStatic="false" isGetter="false" isSetter="false">
              <Summary numSequencePoints="4" visitedSequencePoints="4" numBranchPoints="1" visitedBranchPoints="1" sequenceCoverage="100" branchCoverage="100" maxCyclomaticComplexity="1" minCyclomaticComplexity="1" visitedClasses="0" numClasses="0" visitedMethods="1" numMethods="1" />
              <MetadataToken>100663338</MetadataToken>
              <Name>System.Collections.Generic.IEnumerable`1&lt;SkillTracker.Entities.Skill&gt; SkillTracker.Repositories.SkillsRepository::GetAllSkills()</Name>
              <FileRef uid="6" />
              <SequencePoints>
                <SequencePoint vc="501" uspid="159" ordinal="0" offset="0" sl="26" sc="9" el="26" ec="10" bec="0" bev="0" fileid="6" />
                <SequencePoint vc="501" uspid="160" ordinal="1" offset="1" sl="27" sc="13" el="30" ec="33" bec="0" bev="0" fileid="6" />
                <SequencePoint vc="501" uspid="161" ordinal="2" offset="80" sl="31" sc="13" el="31" ec="27" bec="0" bev="0" fileid="6" />
                <SequencePoint vc="501" uspid="162" ordinal="3" offset="84" sl="32" sc="9" el="32" ec="10" bec="0" bev="0" fileid="6" />
              </SequencePoints>
              <BranchPoints />
              <MethodPoint xsi:type="SequencePoint" vc="501" uspid="159" ordinal="0" offset="0" sl="26" sc="9" el="26" ec="10" bec="0" bev="0" fileid="6" />
            </Method>
            <Method visited="false" cyclomaticComplexity="1" nPathComplexity="0" sequenceCoverage="0" branchCoverage="0" isConstructor="false" isStatic="false" isGetter="false" isSetter="false">
              <Summary numSequencePoints="4" visitedSequencePoints="0" numBranchPoints="1" visitedBranchPoints="0" sequenceCoverage="0" branchCoverage="0" maxCyclomaticComplexity="1" minCyclomaticComplexity="1" visitedClasses="0" numClasses="0" visitedMethods="0" numMethods="1" />
              <MetadataToken>100663339</MetadataToken>
              <Name>SkillTracker.Entities.Skill SkillTracker.Repositories.SkillsRepository::GetSkill(System.Int32)</Name>
              <FileRef uid="6" />
              <SequencePoints>
                <SequencePoint vc="0" uspid="163" ordinal="0" offset="13" sl="35" sc="9" el="35" ec="10" bec="0" bev="0" fileid="6" />
                <SequencePoint vc="0" uspid="164" ordinal="1" offset="14" sl="36" sc="13" el="39" ec="35" bec="0" bev="0" fileid="6" />
                <SequencePoint vc="0" uspid="165" ordinal="2" offset="186" sl="40" sc="13" el="40" ec="26" bec="0" bev="0" fileid="6" />
                <SequencePoint vc="0" uspid="166" ordinal="3" offset="190" sl="41" sc="9" el="41" ec="10" bec="0" bev="0" fileid="6" />
              </SequencePoints>
              <BranchPoints />
              <MethodPoint vc="0" uspid="167" ordinal="0" offset="0" />
            </Method>
            <Method visited="false" cyclomaticComplexity="3" nPathComplexity="4" sequenceCoverage="0" branchCoverage="0" isConstructor="false" isStatic="false" isGetter="false" isSetter="false">
              <Summary numSequencePoints="18" visitedSequencePoints="0" numBranchPoints="5" visitedBranchPoints="0" sequenceCoverage="0" branchCoverage="0" maxCyclomaticComplexity="3" minCyclomaticComplexity="3" visitedClasses="0" numClasses="0" visitedMethods="0" numMethods="1" />
              <MetadataToken>100663340</MetadataToken>
              <Name>SkillTracker.Entities.Skill SkillTracker.Repositories.SkillsRepository::UpdateSkill(SkillTracker.Entities.Skill)</Name>
              <FileRef uid="6" />
              <SequencePoints>
                <SequencePoint vc="0" uspid="168" ordinal="0" offset="13" sl="44" sc="9" el="44" ec="10" bec="0" bev="0" fileid="6" />
                <SequencePoint vc="0" uspid="169" ordinal="1" offset="14" sl="45" sc="13" el="45" ec="55" bec="0" bev="0" fileid="6" />
                <SequencePoint vc="0" uspid="170" ordinal="2" offset="32" sl="46" sc="13" el="46" ec="65" bec="2" bev="0" fileid="6" />
                <SequencePoint vc="0" uspid="171" ordinal="3" offset="45" sl="47" sc="13" el="47" ec="14" bec="0" bev="0" fileid="6" />
                <SequencePoint vc="0" uspid="172" ordinal="4" offset="46" sl="48" sc="17" el="48" ec="50" bec="0" bev="0" fileid="6" />
                <SequencePoint vc="0" uspid="173" ordinal="5" offset="59" sl="49" sc="17" el="49" ec="63" bec="0" bev="0" fileid="6" />
                <SequencePoint vc="0" uspid="174" ordinal="6" offset="93" sl="50" sc="17" el="50" ec="44" bec="2" bev="0" fileid="6" />
                <SequencePoint vc="0" uspid="175" ordinal="7" offset="104" sl="51" sc="17" el="51" ec="18" bec="0" bev="0" fileid="6" />
                <SequencePoint vc="0" uspid="176" ordinal="8" offset="105" sl="52" sc="21" el="52" ec="73" bec="0" bev="0" fileid="6" />
                <SequencePoint vc="0" uspid="177" ordinal="9" offset="120" sl="53" sc="21" el="53" ec="66" bec="0" bev="0" fileid="6" />
                <SequencePoint vc="0" uspid="178" ordinal="10" offset="139" sl="54" sc="17" el="54" ec="18" bec="0" bev="0" fileid="6" />
                <SequencePoint vc="0" uspid="179" ordinal="11" offset="142" sl="56" sc="17" el="56" ec="18" bec="0" bev="0" fileid="6" />
                <SequencePoint vc="0" uspid="180" ordinal="12" offset="143" sl="57" sc="21" el="57" ec="68" bec="0" bev="0" fileid="6" />
                <SequencePoint vc="0" uspid="181" ordinal="13" offset="152" sl="58" sc="17" el="58" ec="18" bec="0" bev="0" fileid="6" />
                <SequencePoint vc="0" uspid="182" ordinal="14" offset="153" sl="59" sc="13" el="59" ec="14" bec="0" bev="0" fileid="6" />
                <SequencePoint vc="0" uspid="183" ordinal="15" offset="154" sl="60" sc="13" el="60" ec="85" bec="0" bev="0" fileid="6" />
                <SequencePoint vc="0" uspid="184" ordinal="16" offset="282" sl="61" sc="13" el="61" ec="27" bec="0" bev="0" fileid="6" />
                <SequencePoint vc="0" uspid="185" ordinal="17" offset="287" sl="62" sc="9" el="62" ec="10" bec="0" bev="0" fileid="6" />
              </SequencePoints>
              <BranchPoints>
                <BranchPoint vc="0" uspid="186" ordinal="0" offset="43" sl="46" path="0" offsetend="45" fileid="6" />
                <BranchPoint vc="0" uspid="187" ordinal="1" offset="43" sl="46" path="1" offsetend="154" fileid="6" />
                <BranchPoint vc="0" uspid="188" ordinal="2" offset="102" sl="50" path="0" offsetend="104" fileid="6" />
                <BranchPoint vc="0" uspid="189" ordinal="3" offset="102" sl="50" path="1" offsetend="142" fileid="6" />
              </BranchPoints>
              <MethodPoint vc="0" uspid="190" ordinal="0" offset="0" />
            </Method>
          </Methods>
        </Class>
        <Class>
          <Summary numSequencePoints="0" visitedSequencePoints="0" numBranchPoints="0" visitedBranchPoints="0" sequenceCoverage="0" branchCoverage="0" maxCyclomaticComplexity="1" minCyclomaticComplexity="1" visitedClasses="0" numClasses="0" visitedMethods="0" numMethods="0" />
          <FullName>SkillTracker.Repositories.SkillsRepository/&lt;&gt;c__DisplayClass2_0</FullName>
          <Methods>
            <Method visited="false" cyclomaticComplexity="1" nPathComplexity="0" sequenceCoverage="0" branchCoverage="0" isConstructor="true" isStatic="false" isGetter="false" isSetter="false">
              <Summary numSequencePoints="0" visitedSequencePoints="0" numBranchPoints="0" visitedBranchPoints="0" sequenceCoverage="0" branchCoverage="0" maxCyclomaticComplexity="1" minCyclomaticComplexity="1" visitedClasses="0" numClasses="0" visitedMethods="0" numMethods="0" />
              <MetadataToken>100663351</MetadataToken>
              <Name>System.Void SkillTracker.Repositories.SkillsRepository/&lt;&gt;c__DisplayClass2_0::.ctor()</Name>
              <SequencePoints />
              <BranchPoints />
              <MethodPoint vc="0" uspid="191" ordinal="0" offset="0" />
            </Method>
          </Methods>
        </Class>
        <Class>
          <Summary numSequencePoints="0" visitedSequencePoints="0" numBranchPoints="0" visitedBranchPoints="0" sequenceCoverage="0" branchCoverage="0" maxCyclomaticComplexity="1" minCyclomaticComplexity="1" visitedClasses="0" numClasses="0" visitedMethods="0" numMethods="0" />
          <FullName>SkillTracker.Repositories.SkillsRepository/&lt;&gt;c__DisplayClass4_0</FullName>
          <Methods>
            <Method visited="false" cyclomaticComplexity="1" nPathComplexity="0" sequenceCoverage="0" branchCoverage="0" isConstructor="true" isStatic="false" isGetter="false" isSetter="false">
              <Summary numSequencePoints="0" visitedSequencePoints="0" numBranchPoints="0" visitedBranchPoints="0" sequenceCoverage="0" branchCoverage="0" maxCyclomaticComplexity="1" minCyclomaticComplexity="1" visitedClasses="0" numClasses="0" visitedMethods="0" numMethods="0" />
              <MetadataToken>100663352</MetadataToken>
              <Name>System.Void SkillTracker.Repositories.SkillsRepository/&lt;&gt;c__DisplayClass4_0::.ctor()</Name>
              <SequencePoints />
              <BranchPoints />
              <MethodPoint vc="0" uspid="192" ordinal="0" offset="0" />
            </Method>
          </Methods>
        </Class>
        <Class>
          <Summary numSequencePoints="0" visitedSequencePoints="0" numBranchPoints="0" visitedBranchPoints="0" sequenceCoverage="0" branchCoverage="0" maxCyclomaticComplexity="1" minCyclomaticComplexity="1" visitedClasses="0" numClasses="0" visitedMethods="0" numMethods="0" />
          <FullName>SkillTracker.Repositories.SkillsRepository/&lt;&gt;c__DisplayClass5_0</FullName>
          <Methods>
            <Method visited="false" cyclomaticComplexity="1" nPathComplexity="0" sequenceCoverage="0" branchCoverage="0" isConstructor="true" isStatic="false" isGetter="false" isSetter="false">
              <Summary numSequencePoints="0" visitedSequencePoints="0" numBranchPoints="0" visitedBranchPoints="0" sequenceCoverage="0" branchCoverage="0" maxCyclomaticComplexity="1" minCyclomaticComplexity="1" visitedClasses="0" numClasses="0" visitedMethods="0" numMethods="0" />
              <MetadataToken>100663353</MetadataToken>
              <Name>System.Void SkillTracker.Repositories.SkillsRepository/&lt;&gt;c__DisplayClass5_0::.ctor()</Name>
              <SequencePoints />
              <BranchPoints />
              <MethodPoint vc="0" uspid="193" ordinal="0" offset="0" />
            </Method>
          </Methods>
        </Class>
        <Class>
          <Summary numSequencePoints="12" visitedSequencePoints="0" numBranchPoints="4" visitedBranchPoints="0" sequenceCoverage="0" branchCoverage="0" maxCyclomaticComplexity="1" minCyclomaticComplexity="1" visitedClasses="0" numClasses="1" visitedMethods="0" numMethods="4" />
          <FullName>SkillTracker.Repositories.UserRepository</FullName>
          <Methods>
            <Method visited="false" cyclomaticComplexity="1" nPathComplexity="0" sequenceCoverage="0" branchCoverage="0" isConstructor="true" isStatic="false" isGetter="false" isSetter="false">
              <Summary numSequencePoints="3" visitedSequencePoints="0" numBranchPoints="1" visitedBranchPoints="0" sequenceCoverage="0" branchCoverage="0" maxCyclomaticComplexity="1" minCyclomaticComplexity="1" visitedClasses="0" numClasses="0" visitedMethods="0" numMethods="1" />
              <MetadataToken>100663344</MetadataToken>
              <Name>System.Void SkillTracker.Repositories.UserRepository::.ctor(System.Data.Entity.DbContext)</Name>
              <FileRef uid="7" />
              <SequencePoints>
                <SequencePoint vc="0" uspid="194" ordinal="0" offset="0" sl="9" sc="14" el="9" ec="27" bec="0" bev="0" fileid="7" />
                <SequencePoint vc="0" uspid="195" ordinal="1" offset="8" sl="9" sc="28" el="9" ec="29" bec="0" bev="0" fileid="7" />
                <SequencePoint vc="0" uspid="196" ordinal="2" offset="9" sl="9" sc="30" el="9" ec="31" bec="0" bev="0" fileid="7" />
              </SequencePoints>
              <BranchPoints />
              <MethodPoint xsi:type="SequencePoint" vc="0" uspid="194" ordinal="0" offset="0" sl="9" sc="14" el="9" ec="27" bec="0" bev="0" fileid="7" />
            </Method>
            <Method visited="false" cyclomaticComplexity="1" nPathComplexity="0" sequenceCoverage="0" branchCoverage="0" isConstructor="false" isStatic="false" isGetter="false" isSetter="false">
              <Summary numSequencePoints="3" visitedSequencePoints="0" numBranchPoints="1" visitedBranchPoints="0" sequenceCoverage="0" branchCoverage="0" maxCyclomaticComplexity="1" minCyclomaticComplexity="1" visitedClasses="0" numClasses="0" visitedMethods="0" numMethods="1" />
              <MetadataToken>100663345</MetadataToken>
              <Name>System.Void SkillTracker.Repositories.UserRepository::AddUser(SkillTracker.Entities.User)</Name>
              <FileRef uid="7" />
              <SequencePoints>
                <SequencePoint vc="0" uspid="197" ordinal="0" offset="0" sl="12" sc="9" el="12" ec="10" bec="0" bev="0" fileid="7" />
                <SequencePoint vc="0" uspid="198" ordinal="1" offset="1" sl="13" sc="13" el="13" ec="23" bec="0" bev="0" fileid="7" />
                <SequencePoint vc="0" uspid="199" ordinal="2" offset="9" sl="14" sc="9" el="14" ec="10" bec="0" bev="0" fileid="7" />
              </SequencePoints>
              <BranchPoints />
              <MethodPoint xsi:type="SequencePoint" vc="0" uspid="197" ordinal="0" offset="0" sl="12" sc="9" el="12" ec="10" bec="0" bev="0" fileid="7" />
            </Method>
            <Method visited="false" cyclomaticComplexity="1" nPathComplexity="0" sequenceCoverage="0" branchCoverage="0" isConstructor="false" isStatic="false" isGetter="false" isSetter="false">
              <Summary numSequencePoints="3" visitedSequencePoints="0" numBranchPoints="1" visitedBranchPoints="0" sequenceCoverage="0" branchCoverage="0" maxCyclomaticComplexity="1" minCyclomaticComplexity="1" visitedClasses="0" numClasses="0" visitedMethods="0" numMethods="1" />
              <MetadataToken>100663346</MetadataToken>
              <Name>System.Void SkillTracker.Repositories.UserRepository::DeleteUser(SkillTracker.Entities.User)</Name>
              <FileRef uid="7" />
              <SequencePoints>
                <SequencePoint vc="0" uspid="200" ordinal="0" offset="0" sl="17" sc="9" el="17" ec="10" bec="0" bev="0" fileid="7" />
                <SequencePoint vc="0" uspid="201" ordinal="1" offset="1" sl="18" sc="13" el="18" ec="26" bec="0" bev="0" fileid="7" />
                <SequencePoint vc="0" uspid="202" ordinal="2" offset="9" sl="19" sc="9" el="19" ec="10" bec="0" bev="0" fileid="7" />
              </SequencePoints>
              <BranchPoints />
              <MethodPoint xsi:type="SequencePoint" vc="0" uspid="200" ordinal="0" offset="0" sl="17" sc="9" el="17" ec="10" bec="0" bev="0" fileid="7" />
            </Method>
            <Method visited="false" cyclomaticComplexity="1" nPathComplexity="0" sequenceCoverage="0" branchCoverage="0" isConstructor="false" isStatic="false" isGetter="false" isSetter="false">
              <Summary numSequencePoints="3" visitedSequencePoints="0" numBranchPoints="1" visitedBranchPoints="0" sequenceCoverage="0" branchCoverage="0" maxCyclomaticComplexity="1" minCyclomaticComplexity="1" visitedClasses="0" numClasses="0" visitedMethods="0" numMethods="1" />
              <MetadataToken>100663347</MetadataToken>
              <Name>System.Void SkillTracker.Repositories.UserRepository::UpdateUser(SkillTracker.Entities.User)</Name>
              <FileRef uid="7" />
              <SequencePoints>
                <SequencePoint vc="0" uspid="203" ordinal="0" offset="0" sl="22" sc="9" el="22" ec="10" bec="0" bev="0" fileid="7" />
                <SequencePoint vc="0" uspid="204" ordinal="1" offset="1" sl="23" sc="13" el="23" ec="26" bec="0" bev="0" fileid="7" />
                <SequencePoint vc="0" uspid="205" ordinal="2" offset="9" sl="24" sc="9" el="24" ec="10" bec="0" bev="0" fileid="7" />
              </SequencePoints>
              <BranchPoints />
              <MethodPoint xsi:type="SequencePoint" vc="0" uspid="203" ordinal="0" offset="0" sl="22" sc="9" el="22" ec="10" bec="0" bev="0" fileid="7" />
            </Method>
          </Methods>
        </Class>
      </Classes>
    </Module>
    <Module hash="A4-03-5C-EF-7A-36-30-85-EC-78-CD-65-8A-A6-48-27-15-FE-11-25">
      <Summary numSequencePoints="8" visitedSequencePoints="4" numBranchPoints="2" visitedBranchPoints="1" sequenceCoverage="50" branchCoverage="50" maxCyclomaticComplexity="1" minCyclomaticComplexity="1" visitedClasses="1" numClasses="2" visitedMethods="1" numMethods="2" />
      <ModulePath>C:\Final_SBA\SkillTracker\SkillTracker.WebApi.Load.Tests\bin\Debug\SkillTracker.Entities.dll</ModulePath>
      <ModuleTime>2018-07-08T19:58:55.7007448Z</ModuleTime>
      <ModuleName>SkillTracker.Entities</ModuleName>
      <Files>
        <File uid="13" fullPath="C:\Final_SBA\SkillTracker\SkillTracker.Entities\Associate.cs" />
        <File uid="14" fullPath="C:\Final_SBA\SkillTracker\SkillTracker.Entities\Associate_Skills.cs" />
        <File uid="15" fullPath="C:\Final_SBA\SkillTracker\SkillTracker.Entities\Skill.cs" />
        <File uid="16" fullPath="C:\Final_SBA\SkillTracker\SkillTracker.Entities\User.cs" />
      </Files>
      <Classes>
        <Class>
[...]
              <Summary numSequencePoints="12" visitedSequencePoints="8" numBranchPoints="1" visitedBranchPoints="1" sequenceCoverage="66.67" branchCoverage="100" maxCyclomaticComplexity="1" minCyclomaticComplexity="1" visitedClasses="0" numClasses="0" visitedMethods="1" numMethods="1" />
              <MetadataToken>100663471</MetadataToken>
              <Name>System.Net.Http.HttpResponseMessage SkillTracker.WebApi.Controllers.SkillController::GetSkills()</Name>
              <FileRef uid="61" />
              <SequencePoints>
                <SequencePoint vc="501" uspid="948" ordinal="0" offset="0" sl="27" sc="9" el="27" ec="10" bec="0" bev="0" fileid="61" />
                <SequencePoint vc="501" uspid="949" ordinal="1" offset="1" sl="28" sc="13" el="28" ec="51" bec="0" bev="0" fileid="61" />
                <SequencePoint vc="501" uspid="950" ordinal="2" offset="3" sl="30" sc="13" el="30" ec="14" bec="0" bev="0" fileid="61" />
                <SequencePoint vc="501" uspid="951" ordinal="3" offset="4" sl="31" sc="17" el="31" ec="57" bec="0" bev="0" fileid="61" />
                <SequencePoint vc="501" uspid="952" ordinal="4" offset="16" sl="32" sc="17" el="32" ec="74" bec="0" bev="0" fileid="61" />
                <SequencePoint vc="501" uspid="953" ordinal="5" offset="23" sl="33" sc="13" el="33" ec="14" bec="0" bev="0" fileid="61" />
                <SequencePoint vc="0" uspid="954" ordinal="6" offset="26" sl="34" sc="13" el="34" ec="33" bec="0" bev="0" fileid="61" />
                <SequencePoint vc="0" uspid="955" ordinal="7" offset="27" sl="35" sc="13" el="35" ec="14" bec="0" bev="0" fileid="61" />
                <SequencePoint vc="0" uspid="956" ordinal="8" offset="28" sl="36" sc="17" el="36" ec="42" bec="0" bev="0" fileid="61" />
                <SequencePoint vc="0" uspid="957" ordinal="9" offset="41" sl="37" sc="13" el="37" ec="14" bec="0" bev="0" fileid="61" />
                <SequencePoint vc="501" uspid="958" ordinal="10" offset="44" sl="38" sc="13" el="38" ec="35" bec="0" bev="0" fileid="61" />
                <SequencePoint vc="501" uspid="959" ordinal="11" offset="54" sl="39" sc="9" el="39" ec="10" bec="0" bev="0" fileid="61" />
              </SequencePoints>
              <BranchPoints />
              <MethodPoint xsi:type="SequencePoint" vc="501" uspid="948" ordinal="0" offset="0" sl="27" sc="9" el="27" ec="10" bec="0" bev="0" fileid="61" />
            </Method>
            <Method visited="false" cyclomaticComplexity="2" nPathComplexity="2" sequenceCoverage="0" branchCoverage="0" isConstructor="false" isStatic="false" isGetter="false" isSetter="false">
              <Summary numSequencePoints="17" visitedSequencePoints="0" numBranchPoints="3" visitedBranchPoints="0" sequenceCoverage="0" branchCoverage="0" maxCyclomaticComplexity="2" minCyclomaticComplexity="2" visitedClasses="0" numClasses="0" visitedMethods="0" numMethods="1" />
              <MetadataToken>100663472</MetadataToken>
              <Name>System.Net.Http.HttpResponseMessage SkillTracker.WebApi.Controllers.SkillController::AddSkill(SkillTracker.WebApi.Models.SkillModel)</Name>
              <FileRef uid="61" />
              <SequencePoints>
                <SequencePoint vc="0" uspid="960" ordinal="0" offset="0" sl="44" sc="9" el="44" ec="10" bec="0" bev="0" fileid="61" />
                <SequencePoint vc="0" uspid="961" ordinal="1" offset="1" sl="45" sc="13" el="45" ec="50" bec="0" bev="0" fileid="61" />
                <SequencePoint vc="0" uspid="962" ordinal="2" offset="7" sl="47" sc="13" el="47" ec="14" bec="0" bev="0" fileid="61" />
                <SequencePoint vc="0" uspid="963" ordinal="3" offset="8" sl="48" sc="17" el="48" ec="85" bec="0" bev="0" fileid="61" />
                <SequencePoint vc="0" uspid="964" ordinal="4" offset="26" sl="49" sc="17" el="49" ec="43" bec="2" bev="0" fileid="61" />
                <SequencePoint vc="0" uspid="965" ordinal="5" offset="34" sl="50" sc="17" el="50" ec="18" bec="0" bev="0" fileid="61" />
                <SequencePoint vc="0" uspid="966" ordinal="6" offset="35" sl="51" sc="21" el="51" ec="65" bec="0" bev="0" fileid="61" />
                <SequencePoint vc="0" uspid="967" ordinal="7" offset="42" sl="52" sc="21" el="52" ec="65" bec="0" bev="0" fileid="61" />
                <SequencePoint vc="0" uspid="968" ordinal="8" offset="56" sl="53" sc="21" el="53" ec="65" bec="0" bev="0" fileid="61" />
                <SequencePoint vc="0" uspid="969" ordinal="9" offset="64" sl="54" sc="17" el="54" ec="18" bec="0" bev="0" fileid="61" />
                <SequencePoint vc="0" uspid="970" ordinal="10" offset="65" sl="55" sc="13" el="55" ec="14" bec="0" bev="0" fileid="61" />
                <SequencePoint vc="0" uspid="971" ordinal="11" offset="68" sl="56" sc="13" el="56" ec="33" bec="0" bev="0" fileid="61" />
                <SequencePoint vc="0" uspid="972" ordinal="12" offset="70" sl="57" sc="13" el="57" ec="14" bec="0" bev="0" fileid="61" />
                <SequencePoint vc="0" uspid="973" ordinal="13" offset="71" sl="58" sc="17" el="58" ec="42" bec="0" bev="0" fileid="61" />
                <SequencePoint vc="0" uspid="974" ordinal="14" offset="85" sl="59" sc="13" el="59" ec="14" bec="0" bev="0" fileid="61" />
                <SequencePoint vc="0" uspid="975" ordinal="15" offset="88" sl="60" sc="13" el="60" ec="35" bec="0" bev="0" fileid="61" />
                <SequencePoint vc="0" uspid="976" ordinal="16" offset="99" sl="61" sc="9" el="61" ec="10" bec="0" bev="0" fileid="61" />
              </SequencePoints>
              <BranchPoints>
                <BranchPoint vc="0" uspid="977" ordinal="0" offset="32" sl="49" path="0" offsetend="34" fileid="61" />
                <BranchPoint vc="0" uspid="978" ordinal="1" offset="32" sl="49" path="1" offsetend="65" fileid="61" />
              </BranchPoints>
              <MethodPoint xsi:type="SequencePoint" vc="0" uspid="960" ordinal="0" offset="0" sl="44" sc="9" el="44" ec="10" bec="0" bev="0" fileid="61" />
            </Method>
            <Method visited="false" cyclomaticComplexity="1" nPathComplexity="0" sequenceCoverage="0" branchCoverage="0" isConstructor="false" isStatic="false" isGetter="false" isSetter="false">
              <Summary numSequencePoints="12" visitedSequencePoints="0" numBranchPoints="1" visitedBranchPoints="0" sequenceCoverage="0" branchCoverage="0" maxCyclomaticComplexity="1" minCyclomaticComplexity="1" visitedClasses="0" numClasses="0" visitedMethods="0" numMethods="1" />
              <MetadataToken>100663473</MetadataToken>
              <Name>System.Net.Http.HttpResponseMessage SkillTracker.WebApi.Controllers.SkillController::GetSkill(SkillTracker.WebApi.Models.SkillModel)</Name>
              <FileRef uid="61" />
              <SequencePoints>
                <SequencePoint vc="0" uspid="979" ordinal="0" offset="0" sl="66" sc="9" el="66" ec="10" bec="0" bev="0" fileid="61" />
                <SequencePoint vc="0" uspid="980" ordinal="1" offset="1" sl="67" sc="13" el="67" ec="50" bec="0" bev="0" fileid="61" />
                <SequencePoint vc="0" uspid="981" ordinal="2" offset="7" sl="69" sc="13" el="69" ec="14" bec="0" bev="0" fileid="61" />
                <SequencePoint vc="0" uspid="982" ordinal="3" offset="8" sl="70" sc="17" el="70" ec="67" bec="0" bev="0" fileid="61" />
                <SequencePoint vc="0" uspid="983" ordinal="4" offset="26" sl="71" sc="17" el="71" ec="61" bec="0" bev="0" fileid="61" />
                <SequencePoint vc="0" uspid="984" ordinal="5" offset="33" sl="72" sc="13" el="72" ec="14" bec="0" bev="0" fileid="61" />
                <SequencePoint vc="0" uspid="985" ordinal="6" offset="36" sl="73" sc="13" el="73" ec="33" bec="0" bev="0" fileid="61" />
                <SequencePoint vc="0" uspid="986" ordinal="7" offset="37" sl="74" sc="13" el="74" ec="14" bec="0" bev="0" fileid="61" />
                <SequencePoint vc="0" uspid="987" ordinal="8" offset="38" sl="75" sc="17" el="75" ec="42" bec="0" bev="0" fileid="61" />
                <SequencePoint vc="0" uspid="988" ordinal="9" offset="51" sl="76" sc="13" el="76" ec="14" bec="0" bev="0" fileid="61" />
                <SequencePoint vc="0" uspid="989" ordinal="10" offset="54" sl="77" sc="13" el="77" ec="35" bec="0" bev="0" fileid="61" />
                <SequencePoint vc="0" uspid="990" ordinal="11" offset="64" sl="78" sc="9" el="78" ec="10" bec="0" bev="0" fileid="61" />
              </SequencePoints>
              <BranchPoints />
              <MethodPoint xsi:type="SequencePoint" vc="0" uspid="979" ordinal="0" offset="0" sl="66" sc="9" el="66" ec="10" bec="0" bev="0" fileid="61" />
            </Method>
            <Method visited="false" cyclomaticComplexity="1" nPathComplexity="0" sequenceCoverage="0" branchCoverage="0" isConstructor="false" isStatic="false" isGetter="false" isSetter="false">
              <Summary numSequencePoints="13" visitedSequencePoints="0" numBranchPoints="1" visitedBranchPoints="0" sequenceCoverage="0" branchCoverage="0" maxCyclomaticComplexity="1" minCyclomaticComplexity="1" visitedClasses="0" numClasses="0" visitedMethods="0" numMethods="1" />
              <MetadataToken>100663474</MetadataToken>
              <Name>System.Net.Http.HttpResponseMessage SkillTracker.WebApi.Controllers.SkillController::UpdateSkill(SkillTracker.WebApi.Models.SkillModel)</Name>
              <FileRef uid="61" />
              <SequencePoints>
                <SequencePoint vc="0" uspid="991" ordinal="0" offset="0" sl="83" sc="9" el="83" ec="10" bec="0" bev="0" fileid="61" />
                <SequencePoint vc="0" uspid="992" ordinal="1" offset="1" sl="84" sc="13" el="84" ec="50" bec="0" bev="0" fileid="61" />
                <SequencePoint vc="0" uspid="993" ordinal="2" offset="7" sl="86" sc="13" el="86" ec="14" bec="0" bev="0" fileid="61" />
                <SequencePoint vc="0" uspid="994" ordinal="3" offset="8" sl="87" sc="17" el="87" ec="61" bec="0" bev="0" fileid="61" />
                <SequencePoint vc="0" uspid="995" ordinal="4" offset="15" sl="88" sc="17" el="88" ec="61" bec="0" bev="0" fileid="61" />
                <SequencePoint vc="0" uspid="996" ordinal="5" offset="28" sl="89" sc="17" el="89" ec="61" bec="0" bev="0" fileid="61" />
                <SequencePoint vc="0" uspid="997" ordinal="6" offset="35" sl="90" sc="13" el="90" ec="14" bec="0" bev="0" fileid="61" />
                <SequencePoint vc="0" uspid="998" ordinal="7" offset="38" sl="91" sc="13" el="91" ec="33" bec="0" bev="0" fileid="61" />
                <SequencePoint vc="0" uspid="999" ordinal="8" offset="39" sl="92" sc="13" el="92" ec="14" bec="0" bev="0" fileid="61" />
                <SequencePoint vc="0" uspid="1000" ordinal="9" offset="40" sl="93" sc="17" el="93" ec="42" bec="0" bev="0" fileid="61" />
                <SequencePoint vc="0" uspid="1001" ordinal="10" offset="53" sl="94" sc="13" el="94" ec="14" bec="0" bev="0" fileid="61" />
                <SequencePoint vc="0" uspid="1002" ordinal="11" offset="56" sl="95" sc="13" el="95" ec="35" bec="0" bev="0" fileid="61" />
                <SequencePoint vc="0" uspid="1003" ordinal="12" offset="67" sl="96" sc="9" el="96" ec="10" bec="0" bev="0" fileid="61" />
              </SequencePoints>
              <BranchPoints />
              <MethodPoint xsi:type="SequencePoint" vc="0" uspid="991" ordinal="0" offset="0" sl="83" sc="9" el="83" ec="10" bec="0" bev="0" fileid="61" />
            </Method>
            <Method visited="false" cyclomaticComplexity="1" nPathComplexity="0" sequenceCoverage="0" branchCoverage="0" isConstructor="false" isStatic="false" isGetter="false" isSetter="false">
              <Summary numSequencePoints="11" visitedSequencePoints="0" numBranchPoints="1" visitedBranchPoints="0" sequenceCoverage="0" branchCoverage="0" maxCyclomaticComplexity="1" minCyclomaticComplexity="1" visitedClasses="0" numClasses="0" visitedMethods="0" numMethods="1" />
              <MetadataToken>100663475</MetadataToken>
              <Name>System.Net.Http.HttpResponseMessage SkillTracker.WebApi.Controllers.SkillController::DeleteSkill(SkillTracker.WebApi.Models.SkillModel)</Name>
              <FileRef uid="61" />
              <SequencePoints>
                <SequencePoint vc="0" uspid="1004" ordinal="0" offset="0" sl="101" sc="9" el="101" ec="10" bec="0" bev="0" fileid="61" />
                <SequencePoint vc="0" uspid="1005" ordinal="1" offset="1" sl="103" sc="13" el="103" ec="14" bec="0" bev="0" fileid="61" />
                <SequencePoint vc="0" uspid="1006" ordinal="2" offset="2" sl="104" sc="17" el="104" ec="61" bec="0" bev="0" fileid="61" />
                <SequencePoint vc="0" uspid="1007" ordinal="3" offset="9" sl="105" sc="17" el="105" ec="51" bec="0" bev="0" fileid="61" />
                <SequencePoint vc="0" uspid="1008" ordinal="4" offset="22" sl="106" sc="13" el="106" ec="14" bec="0" bev="0" fileid="61" />
                <SequencePoint vc="0" uspid="1009" ordinal="5" offset="25" sl="107" sc="13" el="107" ec="33" bec="0" bev="0" fileid="61" />
                <SequencePoint vc="0" uspid="1010" ordinal="6" offset="26" sl="108" sc="13" el="108" ec="14" bec="0" bev="0" fileid="61" />
                <SequencePoint vc="0" uspid="1011" ordinal="7" offset="27" sl="109" sc="17" el="109" ec="42" bec="0" bev="0" fileid="61" />
                <SequencePoint vc="0" uspid="1012" ordinal="8" offset="40" sl="110" sc="13" el="110" ec="14" bec="0" bev="0" fileid="61" />
                <SequencePoint vc="0" uspid="1013" ordinal="9" offset="43" sl="111" sc="13" el="111" ec="34" bec="0" bev="0" fileid="61" />
                <SequencePoint vc="0" uspid="1014" ordinal="10" offset="53" sl="112" sc="9" el="112" ec="10" bec="0" bev="0" fileid="61" />
              </SequencePoints>
              <BranchPoints />
              <MethodPoint xsi:type="SequencePoint" vc="0" uspid="1004" ordinal="0" offset="0" sl="101" sc="9" el="101" ec="10" bec="0" bev="0" fileid="61" />
            </Method>
          </Methods>
        </Class>
      </Classes>
    </Module>
    <Module skippedDueTo="Filter" hash="8A-C7-A4-D1-73-67-EF-40-FA-1E-E8-2B-66-F2-0B-AB-DC-B0-46-99">
      <ModulePath>C:\Final_SBA\SkillTracker\SkillTracker.WebApi.Load.Tests\bin\Debug\System.Web.Http.dll</ModulePath>
      <ModuleTime>2018-02-01T06:47:40Z</ModuleTime>
      <ModuleName>System.Web.Http</ModuleName>
      <Classes />
    </Module>
    <Module skippedDueTo="Filter" hash="19-6F-A5-C6-C2-4E-32-27-A2-D0-61-D8-30-02-1D-0F-63-C0-78-46">
      <ModulePath>C:\WINDOWS\Microsoft.Net\assembly\GAC_MSIL\System.Net.Http\v4.0_4.0.0.0__b03f5f7f11d50a3a\System.Net.Http.dll</ModulePath>
      <ModuleTime>2018-04-11T23:35:18.1697369Z</ModuleTime>
      <ModuleName>System.Net.Http</ModuleName>
      <Classes />
    </Module>
    <Module skippedDueTo="MissingPdb" hash="B0-C6-1C-2E-02-6F-E4-EB-C2-81-4A-DA-65-A6-D1-7E-7B-0A-60-4F">
      <ModulePath>C:\Final_SBA\SkillTracker\SkillTracker.WebApi.Load.Tests\bin\Debug\Newtonsoft.Json.dll</ModulePath>
      <ModuleTime>2017-03-20T14:33:18Z</ModuleTime>
      <ModuleName>Newtonsoft.Json</ModuleName>
      <Classes />
    </Module>
    <Module skippedDueTo="Filter" hash="BE-C7-BB-BF-3E-49-C7-DA-4B-04-49-FA-37-04-0B-DF-E6-BB-1A-6F">
      <ModulePath>C:\Final_SBA\SkillTracker\SkillTracker.WebApi.Load.Tests\bin\Debug\System.Net.Http.Formatting.dll</ModulePath>
      <ModuleTime>2018-02-01T06:47:18Z</ModuleTime>
      <ModuleName>System.Net.Http.Formatting</ModuleName>
      <Classes />
    </Module>
    <Module skippedDueTo="Filter" hash="63-C3-95-84-38-D7-50-0B-8D-3D-01-13-98-A9-67-BF-88-9E-3C-E9">
      <ModulePath>C:\WINDOWS\Microsoft.Net\assembly\GAC_MSIL\System.Runtime.Serialization\v4.0_4.0.0.0__b77a5c561934e089\System.Runtime.Serialization.dll</ModulePath>
      <ModuleTime>2018-04-11T23:35:19.7948581Z</ModuleTime>
      <ModuleName>System.Runtime.Serialization</ModuleName>
      <Classes />
    </Module>
    <Module skippedDueTo="MissingPdb" hash="D8-53-D3-92-E4-A5-87-D6-11-00-57-F0-6F-75-F6-2C-55-44-32-7B">
      <ModulePath>C:\WINDOWS\Microsoft.Net\assembly\GAC_MSIL\SMDiagnostics\v4.0_4.0.0.0__b77a5c561934e089\SMDiagnostics.dll</ModulePath>
      <ModuleTime>2018-04-11T23:35:19.5448402Z</ModuleTime>
      <ModuleName>SMDiagnostics</ModuleName>
      <Classes />
    </Module>
    <Module skippedDueTo="Filter" hash="A5-90-E3-D0-0C-CA-C3-45-9A-68-A3-5B-AF-C6-21-F5-3A-E0-B3-B6">
      <ModulePath>C:\WINDOWS\Microsoft.Net\assembly\GAC_64\System.Data\v4.0_4.0.0.0__b77a5c561934e089\System.Data.dll</ModulePath>
      <ModuleTime>2018-07-08T04:01:52.7558564Z</ModuleTime>
      <ModuleName>System.Data</ModuleName>
      <Classes />
    </Module>
    <Module skippedDueTo="Filter" hash="55-E6-0F-BC-FB-88-00-64-B5-26-5E-5F-B2-09-55-23-6E-AD-51-0E">
      <ModulePath>C:\WINDOWS\Microsoft.Net\assembly\GAC_64\System.Transactions\v4.0_4.0.0.0__b77a5c561934e089\System.Transactions.dll</ModulePath>
      <ModuleTime>2018-04-11T23:35:17.0602785Z</ModuleTime>
      <ModuleName>System.Transactions</ModuleName>
      <Classes />
    </Module>
    <Module skippedDueTo="Filter" hash="CB-9A-69-FA-E9-A7-1D-79-EC-E4-45-7B-80-24-5F-0E-56-96-EA-D4">
      <ModulePath>C:\WINDOWS\Microsoft.Net\assembly\GAC_MSIL\System.Numerics\v4.0_4.0.0.0__b77a5c561934e089\System.Numerics.dll</ModulePath>
      <ModuleTime>2018-04-11T23:35:17.0446523Z</ModuleTime>
      <ModuleName>System.Numerics</ModuleName>
      <Classes />
    </Module>
    <Module skippedDueTo="Filter" hash="95-F0-AA-F5-C0-C4-8B-74-AE-85-F5-18-0A-19-CB-9D-F7-9E-AC-2D">
      <ModulePath>C:\WINDOWS\Microsoft.Net\assembly\GAC_64\System.Data.OracleClient\v4.0_4.0.0.0__b77a5c561934e089\System.Data.OracleClient.dll</ModulePath>
      <ModuleTime>2018-04-11T23:35:19.7011011Z</ModuleTime>
      <ModuleName>System.Data.OracleClient</ModuleName>
      <Classes />
    </Module>
    <Module skippedDueTo="Filter" hash="EE-87-E3-8B-35-D7-7B-51-75-59-60-AC-9C-42-7D-75-33-40-43-72">
      <ModulePath>C:\WINDOWS\Microsoft.Net\assembly\GAC_MSIL\System.Xml.Linq\v4.0_4.0.0.0__b77a5c561934e089\System.Xml.Linq.dll</ModulePath>
      <ModuleTime>2018-04-11T23:35:18.3885028Z</ModuleTime>
      <ModuleName>System.Xml.Linq</ModuleName>
      <Classes />
    </Module>
    <Module skippedDueTo="Filter" hash="AC-47-9F-83-18-8E-6F-EE-68-63-E4-97-D4-21-F0-86-78-BF-89-85">
      <ModulePath>C:\WINDOWS\Microsoft.Net\assembly\GAC_64\System.EnterpriseServices\v4.0_4.0.0.0__b03f5f7f11d50a3a\System.EnterpriseServices.dll</ModulePath>
      <ModuleTime>2018-04-11T23:35:18.3416247Z</ModuleTime>
      <ModuleName>System.EnterpriseServices</ModuleName>
      <Classes />
    </Module>
    <Module skippedDueTo="Filter" hash="3E-51-61-04-54-18-EA-E4-82-FE-42-6F-AB-CE-80-55-9C-9A-7F-B4">
      <ModulePath>C:\WINDOWS\Microsoft.Net\assembly\GAC_MSIL\System.Web.Extensions\v4.0_4.0.0.0__31bf3856ad364e35\System.Web.Extensions.dll</ModulePath>
      <ModuleTime>2018-04-11T23:35:16.872764Z</ModuleTime>
      <ModuleName>System.Web.Extensions</ModuleName>
      <Classes />
    </Module>
    <Module skippedDueTo="MissingPdb" hash="47-6D-62-B8-35-D5-03-06-7D-C9-55-33-40-84-6A-5D-9E-47-10-4B">
      <ModulePath>C:\WINDOWS\Microsoft.Net\assembly\GAC_MSIL\Microsoft.CSharp\v4.0_4.0.0.0__b03f5f7f11d50a3a\Microsoft.CSharp.dll</ModulePath>
      <ModuleTime>2018-04-11T23:35:19.5760921Z</ModuleTime>
      <ModuleName>Microsoft.CSharp</ModuleName>
      <Classes />
    </Module>
    <Module skippedDueTo="Filter" hash="34-FE-BD-DD-79-B4-81-0A-E7-B9-D5-E5-32-F9-A7-4F-97-95-47-A6">
      <ModulePath>C:\WINDOWS\Microsoft.Net\assembly\GAC_MSIL\System.Dynamic\v4.0_4.0.0.0__b03f5f7f11d50a3a\System.Dynamic.dll</ModulePath>
      <ModuleTime>2018-04-11T23:35:15.7008013Z</ModuleTime>
      <ModuleName>System.Dynamic</ModuleName>
      <Classes />
    </Module>
  </Modules>
</CoverageSession>